{"D:\\Projetos\\Financa-main\\src\\App.tsx": {"path":"D:\\Projetos\\Financa-main\\src\\App.tsx","statementMap":{"0":{"start":{"line":12,"column":6},"end":{"line":12,"column":null}},"1":{"start":{"line":12,"column":29},"end":{"line":12,"column":null}},"2":{"start":{"line":13,"column":6},"end":{"line":13,"column":null}},"3":{"start":{"line":13,"column":31},"end":{"line":13,"column":null}},"4":{"start":{"line":14,"column":6},"end":{"line":14,"column":null}},"5":{"start":{"line":14,"column":34},"end":{"line":14,"column":null}},"6":{"start":{"line":15,"column":6},"end":{"line":15,"column":null}},"7":{"start":{"line":15,"column":32},"end":{"line":15,"column":null}},"8":{"start":{"line":16,"column":6},"end":{"line":16,"column":null}},"9":{"start":{"line":16,"column":31},"end":{"line":16,"column":null}},"10":{"start":{"line":18,"column":6},"end":{"line":18,"column":null}},"11":{"start":{"line":18,"column":33},"end":{"line":18,"column":null}},"12":{"start":{"line":18,"column":91},"end":{"line":18,"column":null}},"13":{"start":{"line":19,"column":6},"end":{"line":19,"column":null}},"14":{"start":{"line":19,"column":28},"end":{"line":19,"column":null}},"15":{"start":{"line":20,"column":6},"end":{"line":20,"column":null}},"16":{"start":{"line":20,"column":33},"end":{"line":20,"column":null}},"17":{"start":{"line":21,"column":6},"end":{"line":21,"column":null}},"18":{"start":{"line":21,"column":30},"end":{"line":21,"column":null}},"19":{"start":{"line":25,"column":29},"end":{"line":437,"column":null}},"20":{"start":{"line":72,"column":2},"end":{"line":72,"column":null}},"21":{"start":{"line":75,"column":2},"end":{"line":88,"column":null}},"22":{"start":{"line":76,"column":4},"end":{"line":80,"column":null}},"23":{"start":{"line":77,"column":6},"end":{"line":77,"column":null}},"24":{"start":{"line":79,"column":6},"end":{"line":79,"column":null}},"25":{"start":{"line":82,"column":4},"end":{"line":84,"column":null}},"26":{"start":{"line":83,"column":6},"end":{"line":83,"column":null}},"27":{"start":{"line":85,"column":4},"end":{"line":87,"column":null}},"28":{"start":{"line":86,"column":6},"end":{"line":86,"column":null}},"29":{"start":{"line":90,"column":34},"end":{"line":90,"column":null}},"30":{"start":{"line":91,"column":34},"end":{"line":91,"column":null}},"31":{"start":{"line":92,"column":48},"end":{"line":92,"column":null}},"32":{"start":{"line":94,"column":26},"end":{"line":96,"column":null}},"33":{"start":{"line":95,"column":4},"end":{"line":95,"column":null}},"34":{"start":{"line":99,"column":48},"end":{"line":99,"column":null}},"35":{"start":{"line":100,"column":32},"end":{"line":100,"column":null}},"36":{"start":{"line":101,"column":42},"end":{"line":101,"column":null}},"37":{"start":{"line":103,"column":25},"end":{"line":107,"column":null}},"38":{"start":{"line":104,"column":4},"end":{"line":104,"column":null}},"39":{"start":{"line":105,"column":4},"end":{"line":105,"column":null}},"40":{"start":{"line":106,"column":4},"end":{"line":106,"column":null}},"41":{"start":{"line":109,"column":31},"end":{"line":127,"column":null}},"42":{"start":{"line":116,"column":4},"end":{"line":126,"column":null}},"43":{"start":{"line":129,"column":38},"end":{"line":183,"column":null}},"44":{"start":{"line":131,"column":27},"end":{"line":133,"column":null}},"45":{"start":{"line":137,"column":26},"end":{"line":137,"column":null}},"46":{"start":{"line":137,"column":58},"end":{"line":137,"column":89}},"47":{"start":{"line":139,"column":21},"end":{"line":139,"column":null}},"48":{"start":{"line":141,"column":4},"end":{"line":152,"column":null}},"49":{"start":{"line":142,"column":6},"end":{"line":148,"column":null}},"50":{"start":{"line":144,"column":8},"end":{"line":144,"column":null}},"51":{"start":{"line":147,"column":8},"end":{"line":147,"column":null}},"52":{"start":{"line":149,"column":4},"end":{"line":152,"column":null}},"53":{"start":{"line":151,"column":6},"end":{"line":151,"column":null}},"54":{"start":{"line":155,"column":41},"end":{"line":157,"column":null}},"55":{"start":{"line":160,"column":4},"end":{"line":177,"column":null}},"56":{"start":{"line":161,"column":6},"end":{"line":167,"column":null}},"57":{"start":{"line":162,"column":8},"end":{"line":162,"column":null}},"58":{"start":{"line":163,"column":8},"end":{"line":163,"column":null}},"59":{"start":{"line":164,"column":6},"end":{"line":167,"column":null}},"60":{"start":{"line":165,"column":8},"end":{"line":165,"column":null}},"61":{"start":{"line":166,"column":8},"end":{"line":166,"column":null}},"62":{"start":{"line":168,"column":4},"end":{"line":177,"column":null}},"63":{"start":{"line":170,"column":6},"end":{"line":176,"column":null}},"64":{"start":{"line":171,"column":8},"end":{"line":171,"column":null}},"65":{"start":{"line":172,"column":8},"end":{"line":172,"column":null}},"66":{"start":{"line":173,"column":6},"end":{"line":176,"column":null}},"67":{"start":{"line":174,"column":8},"end":{"line":174,"column":null}},"68":{"start":{"line":175,"column":8},"end":{"line":175,"column":null}},"69":{"start":{"line":179,"column":4},"end":{"line":182,"column":null}},"70":{"start":{"line":185,"column":24},"end":{"line":189,"column":null}},"71":{"start":{"line":186,"column":26},"end":{"line":186,"column":null}},"72":{"start":{"line":187,"column":17},"end":{"line":187,"column":null}},"73":{"start":{"line":188,"column":4},"end":{"line":188,"column":null}},"74":{"start":{"line":191,"column":24},"end":{"line":194,"column":null}},"75":{"start":{"line":192,"column":4},"end":{"line":192,"column":null}},"76":{"start":{"line":193,"column":4},"end":{"line":193,"column":null}},"77":{"start":{"line":198,"column":2},"end":{"line":219,"column":null}},"78":{"start":{"line":199,"column":4},"end":{"line":217,"column":null}},"79":{"start":{"line":221,"column":2},"end":{"line":221,"column":null}},"80":{"start":{"line":221,"column":13},"end":{"line":221,"column":null}},"81":{"start":{"line":223,"column":2},"end":{"line":233,"column":null}},"82":{"start":{"line":224,"column":4},"end":{"line":231,"column":null}},"83":{"start":{"line":227,"column":10},"end":{"line":227,"column":null}},"84":{"start":{"line":228,"column":10},"end":{"line":228,"column":null}},"85":{"start":{"line":230,"column":22},"end":{"line":230,"column":null}},"86":{"start":{"line":235,"column":2},"end":{"line":435,"column":null}},"87":{"start":{"line":242,"column":37},"end":{"line":242,"column":58}},"88":{"start":{"line":254,"column":37},"end":{"line":254,"column":56}},"89":{"start":{"line":261,"column":35},"end":{"line":261,"column":null}},"90":{"start":{"line":265,"column":37},"end":{"line":265,"column":55}},"91":{"start":{"line":273,"column":72},"end":{"line":273,"column":100}},"92":{"start":{"line":274,"column":72},"end":{"line":274,"column":100}},"93":{"start":{"line":275,"column":73},"end":{"line":275,"column":102}},"94":{"start":{"line":276,"column":78},"end":{"line":276,"column":112}},"95":{"start":{"line":277,"column":70},"end":{"line":277,"column":96}},"96":{"start":{"line":278,"column":76},"end":{"line":278,"column":108}},"97":{"start":{"line":279,"column":69},"end":{"line":279,"column":94}},"98":{"start":{"line":280,"column":70},"end":{"line":280,"column":96}},"99":{"start":{"line":281,"column":72},"end":{"line":281,"column":100}},"100":{"start":{"line":290,"column":70},"end":{"line":290,"column":98}},"101":{"start":{"line":291,"column":70},"end":{"line":291,"column":98}},"102":{"start":{"line":292,"column":71},"end":{"line":292,"column":100}},"103":{"start":{"line":293,"column":76},"end":{"line":293,"column":110}},"104":{"start":{"line":294,"column":68},"end":{"line":294,"column":94}},"105":{"start":{"line":295,"column":74},"end":{"line":295,"column":106}},"106":{"start":{"line":296,"column":67},"end":{"line":296,"column":92}},"107":{"start":{"line":297,"column":68},"end":{"line":297,"column":94}},"108":{"start":{"line":298,"column":70},"end":{"line":298,"column":98}},"109":{"start":{"line":311,"column":43},"end":{"line":311,"column":null}},"110":{"start":{"line":324,"column":49},"end":{"line":324,"column":null}},"111":{"start":{"line":375,"column":46},"end":{"line":375,"column":null}},"112":{"start":{"line":385,"column":40},"end":{"line":385,"column":null}},"113":{"start":{"line":386,"column":46},"end":{"line":386,"column":null}},"114":{"start":{"line":397,"column":23},"end":{"line":397,"column":null}},"115":{"start":{"line":399,"column":33},"end":{"line":399,"column":null}},"116":{"start":{"line":404,"column":35},"end":{"line":404,"column":null}},"117":{"start":{"line":405,"column":35},"end":{"line":405,"column":null}},"118":{"start":{"line":419,"column":27},"end":{"line":419,"column":56}},"119":{"start":{"line":419,"column":56},"end":{"line":419,"column":81}},"120":{"start":{"line":421,"column":12},"end":{"line":429,"column":null}},"121":{"start":{"line":422,"column":14},"end":{"line":424,"column":null}},"122":{"start":{"line":422,"column":34},"end":{"line":422,"column":null}},"123":{"start":{"line":422,"column":76},"end":{"line":424,"column":null}},"124":{"start":{"line":423,"column":43},"end":{"line":423,"column":null}},"125":{"start":{"line":424,"column":19},"end":{"line":424,"column":null}},"126":{"start":{"line":425,"column":14},"end":{"line":425,"column":null}},"127":{"start":{"line":426,"column":14},"end":{"line":426,"column":null}},"128":{"start":{"line":428,"column":14},"end":{"line":428,"column":null}},"129":{"start":{"line":439,"column":83},"end":{"line":448,"column":null}},"130":{"start":{"line":440,"column":2},"end":{"line":448,"column":null}},"131":{"start":{"line":451,"column":99},"end":{"line":459,"column":null}},"132":{"start":{"line":452,"column":2},"end":{"line":459,"column":null}},"133":{"start":{"line":462,"column":22},"end":{"line":465,"column":null}},"134":{"start":{"line":463,"column":2},"end":{"line":465,"column":null}}},"fnMap":{"0":{"name":"(anonymous_0)","decl":{"start":{"line":12,"column":23},"end":{"line":12,"column":29}},"loc":{"start":{"line":12,"column":29},"end":{"line":12,"column":null}},"line":12},"1":{"name":"(anonymous_1)","decl":{"start":{"line":13,"column":25},"end":{"line":13,"column":31}},"loc":{"start":{"line":13,"column":31},"end":{"line":13,"column":null}},"line":13},"2":{"name":"(anonymous_2)","decl":{"start":{"line":14,"column":28},"end":{"line":14,"column":34}},"loc":{"start":{"line":14,"column":34},"end":{"line":14,"column":null}},"line":14},"3":{"name":"(anonymous_3)","decl":{"start":{"line":15,"column":26},"end":{"line":15,"column":32}},"loc":{"start":{"line":15,"column":32},"end":{"line":15,"column":null}},"line":15},"4":{"name":"(anonymous_4)","decl":{"start":{"line":16,"column":25},"end":{"line":16,"column":31}},"loc":{"start":{"line":16,"column":31},"end":{"line":16,"column":null}},"line":16},"5":{"name":"(anonymous_5)","decl":{"start":{"line":18,"column":27},"end":{"line":18,"column":33}},"loc":{"start":{"line":18,"column":33},"end":{"line":18,"column":null}},"line":18},"6":{"name":"(anonymous_6)","decl":{"start":{"line":18,"column":83},"end":{"line":18,"column":89}},"loc":{"start":{"line":18,"column":91},"end":{"line":18,"column":null}},"line":18},"7":{"name":"(anonymous_7)","decl":{"start":{"line":19,"column":22},"end":{"line":19,"column":28}},"loc":{"start":{"line":19,"column":28},"end":{"line":19,"column":null}},"line":19},"8":{"name":"(anonymous_8)","decl":{"start":{"line":20,"column":27},"end":{"line":20,"column":33}},"loc":{"start":{"line":20,"column":33},"end":{"line":20,"column":null}},"line":20},"9":{"name":"(anonymous_9)","decl":{"start":{"line":21,"column":24},"end":{"line":21,"column":30}},"loc":{"start":{"line":21,"column":30},"end":{"line":21,"column":null}},"line":21},"10":{"name":"(anonymous_10)","decl":{"start":{"line":25,"column":29},"end":{"line":25,"column":35}},"loc":{"start":{"line":25,"column":35},"end":{"line":437,"column":null}},"line":25},"11":{"name":"(anonymous_11)","decl":{"start":{"line":75,"column":18},"end":{"line":75,"column":24}},"loc":{"start":{"line":75,"column":24},"end":{"line":88,"column":5}},"line":75},"12":{"name":"(anonymous_12)","decl":{"start":{"line":94,"column":26},"end":{"line":94,"column":27}},"loc":{"start":{"line":94,"column":54},"end":{"line":96,"column":null}},"line":94},"13":{"name":"(anonymous_13)","decl":{"start":{"line":103,"column":25},"end":{"line":103,"column":26}},"loc":{"start":{"line":103,"column":76},"end":{"line":107,"column":null}},"line":103},"14":{"name":"(anonymous_14)","decl":{"start":{"line":109,"column":31},"end":{"line":109,"column":null}},"loc":{"start":{"line":115,"column":7},"end":{"line":127,"column":null}},"line":115},"15":{"name":"(anonymous_15)","decl":{"start":{"line":129,"column":38},"end":{"line":129,"column":39}},"loc":{"start":{"line":129,"column":109},"end":{"line":183,"column":null}},"line":129},"16":{"name":"(anonymous_16)","decl":{"start":{"line":137,"column":51},"end":{"line":137,"column":58}},"loc":{"start":{"line":137,"column":58},"end":{"line":137,"column":89}},"line":137},"17":{"name":"(anonymous_17)","decl":{"start":{"line":185,"column":24},"end":{"line":185,"column":25}},"loc":{"start":{"line":185,"column":47},"end":{"line":189,"column":null}},"line":185},"18":{"name":"(anonymous_18)","decl":{"start":{"line":191,"column":24},"end":{"line":191,"column":36}},"loc":{"start":{"line":191,"column":36},"end":{"line":194,"column":null}},"line":191},"19":{"name":"(anonymous_19)","decl":{"start":{"line":226,"column":18},"end":{"line":226,"column":24}},"loc":{"start":{"line":226,"column":24},"end":{"line":229,"column":null}},"line":226},"20":{"name":"(anonymous_20)","decl":{"start":{"line":230,"column":16},"end":{"line":230,"column":22}},"loc":{"start":{"line":230,"column":22},"end":{"line":230,"column":null}},"line":230},"21":{"name":"(anonymous_21)","decl":{"start":{"line":242,"column":31},"end":{"line":242,"column":37}},"loc":{"start":{"line":242,"column":37},"end":{"line":242,"column":58}},"line":242},"22":{"name":"(anonymous_22)","decl":{"start":{"line":254,"column":31},"end":{"line":254,"column":37}},"loc":{"start":{"line":254,"column":37},"end":{"line":254,"column":56}},"line":254},"23":{"name":"(anonymous_23)","decl":{"start":{"line":261,"column":28},"end":{"line":261,"column":29}},"loc":{"start":{"line":261,"column":35},"end":{"line":261,"column":null}},"line":261},"24":{"name":"(anonymous_24)","decl":{"start":{"line":265,"column":31},"end":{"line":265,"column":37}},"loc":{"start":{"line":265,"column":37},"end":{"line":265,"column":55}},"line":265},"25":{"name":"(anonymous_25)","decl":{"start":{"line":273,"column":66},"end":{"line":273,"column":72}},"loc":{"start":{"line":273,"column":72},"end":{"line":273,"column":100}},"line":273},"26":{"name":"(anonymous_26)","decl":{"start":{"line":274,"column":66},"end":{"line":274,"column":72}},"loc":{"start":{"line":274,"column":72},"end":{"line":274,"column":100}},"line":274},"27":{"name":"(anonymous_27)","decl":{"start":{"line":275,"column":67},"end":{"line":275,"column":73}},"loc":{"start":{"line":275,"column":73},"end":{"line":275,"column":102}},"line":275},"28":{"name":"(anonymous_28)","decl":{"start":{"line":276,"column":72},"end":{"line":276,"column":78}},"loc":{"start":{"line":276,"column":78},"end":{"line":276,"column":112}},"line":276},"29":{"name":"(anonymous_29)","decl":{"start":{"line":277,"column":64},"end":{"line":277,"column":70}},"loc":{"start":{"line":277,"column":70},"end":{"line":277,"column":96}},"line":277},"30":{"name":"(anonymous_30)","decl":{"start":{"line":278,"column":70},"end":{"line":278,"column":76}},"loc":{"start":{"line":278,"column":76},"end":{"line":278,"column":108}},"line":278},"31":{"name":"(anonymous_31)","decl":{"start":{"line":279,"column":63},"end":{"line":279,"column":69}},"loc":{"start":{"line":279,"column":69},"end":{"line":279,"column":94}},"line":279},"32":{"name":"(anonymous_32)","decl":{"start":{"line":280,"column":64},"end":{"line":280,"column":70}},"loc":{"start":{"line":280,"column":70},"end":{"line":280,"column":96}},"line":280},"33":{"name":"(anonymous_33)","decl":{"start":{"line":281,"column":66},"end":{"line":281,"column":72}},"loc":{"start":{"line":281,"column":72},"end":{"line":281,"column":100}},"line":281},"34":{"name":"(anonymous_34)","decl":{"start":{"line":290,"column":64},"end":{"line":290,"column":70}},"loc":{"start":{"line":290,"column":70},"end":{"line":290,"column":98}},"line":290},"35":{"name":"(anonymous_35)","decl":{"start":{"line":291,"column":64},"end":{"line":291,"column":70}},"loc":{"start":{"line":291,"column":70},"end":{"line":291,"column":98}},"line":291},"36":{"name":"(anonymous_36)","decl":{"start":{"line":292,"column":65},"end":{"line":292,"column":71}},"loc":{"start":{"line":292,"column":71},"end":{"line":292,"column":100}},"line":292},"37":{"name":"(anonymous_37)","decl":{"start":{"line":293,"column":70},"end":{"line":293,"column":76}},"loc":{"start":{"line":293,"column":76},"end":{"line":293,"column":110}},"line":293},"38":{"name":"(anonymous_38)","decl":{"start":{"line":294,"column":62},"end":{"line":294,"column":68}},"loc":{"start":{"line":294,"column":68},"end":{"line":294,"column":94}},"line":294},"39":{"name":"(anonymous_39)","decl":{"start":{"line":295,"column":68},"end":{"line":295,"column":74}},"loc":{"start":{"line":295,"column":74},"end":{"line":295,"column":106}},"line":295},"40":{"name":"(anonymous_40)","decl":{"start":{"line":296,"column":61},"end":{"line":296,"column":67}},"loc":{"start":{"line":296,"column":67},"end":{"line":296,"column":92}},"line":296},"41":{"name":"(anonymous_41)","decl":{"start":{"line":297,"column":62},"end":{"line":297,"column":68}},"loc":{"start":{"line":297,"column":68},"end":{"line":297,"column":94}},"line":297},"42":{"name":"(anonymous_42)","decl":{"start":{"line":298,"column":64},"end":{"line":298,"column":70}},"loc":{"start":{"line":298,"column":70},"end":{"line":298,"column":98}},"line":298},"43":{"name":"(anonymous_43)","decl":{"start":{"line":311,"column":37},"end":{"line":311,"column":43}},"loc":{"start":{"line":311,"column":43},"end":{"line":311,"column":null}},"line":311},"44":{"name":"(anonymous_44)","decl":{"start":{"line":324,"column":36},"end":{"line":324,"column":37}},"loc":{"start":{"line":324,"column":49},"end":{"line":324,"column":null}},"line":324},"45":{"name":"(anonymous_45)","decl":{"start":{"line":375,"column":33},"end":{"line":375,"column":34}},"loc":{"start":{"line":375,"column":46},"end":{"line":375,"column":null}},"line":375},"46":{"name":"(anonymous_46)","decl":{"start":{"line":385,"column":30},"end":{"line":385,"column":31}},"loc":{"start":{"line":385,"column":40},"end":{"line":385,"column":null}},"line":385},"47":{"name":"(anonymous_47)","decl":{"start":{"line":386,"column":33},"end":{"line":386,"column":34}},"loc":{"start":{"line":386,"column":46},"end":{"line":386,"column":null}},"line":386},"48":{"name":"(anonymous_48)","decl":{"start":{"line":397,"column":17},"end":{"line":397,"column":23}},"loc":{"start":{"line":397,"column":23},"end":{"line":397,"column":null}},"line":397},"49":{"name":"(anonymous_49)","decl":{"start":{"line":399,"column":27},"end":{"line":399,"column":33}},"loc":{"start":{"line":399,"column":33},"end":{"line":399,"column":null}},"line":399},"50":{"name":"(anonymous_50)","decl":{"start":{"line":404,"column":29},"end":{"line":404,"column":35}},"loc":{"start":{"line":404,"column":35},"end":{"line":404,"column":null}},"line":404},"51":{"name":"(anonymous_51)","decl":{"start":{"line":405,"column":29},"end":{"line":405,"column":35}},"loc":{"start":{"line":405,"column":35},"end":{"line":405,"column":null}},"line":405},"52":{"name":"(anonymous_52)","decl":{"start":{"line":419,"column":19},"end":{"line":419,"column":25}},"loc":{"start":{"line":419,"column":25},"end":{"line":419,"column":null}},"line":419},"53":{"name":"(anonymous_53)","decl":{"start":{"line":420,"column":17},"end":{"line":420,"column":24}},"loc":{"start":{"line":420,"column":32},"end":{"line":430,"column":null}},"line":420},"54":{"name":"(anonymous_54)","decl":{"start":{"line":439,"column":83},"end":{"line":439,"column":84}},"loc":{"start":{"line":440,"column":2},"end":{"line":448,"column":null}},"line":440},"55":{"name":"(anonymous_55)","decl":{"start":{"line":451,"column":99},"end":{"line":451,"column":100}},"loc":{"start":{"line":452,"column":2},"end":{"line":459,"column":null}},"line":452},"56":{"name":"(anonymous_56)","decl":{"start":{"line":462,"column":22},"end":{"line":462,"column":null}},"loc":{"start":{"line":463,"column":2},"end":{"line":465,"column":null}},"line":463}},"branchMap":{"0":{"loc":{"start":{"line":76,"column":4},"end":{"line":80,"column":null}},"type":"if","locations":[{"start":{"line":76,"column":4},"end":{"line":80,"column":null}},{"start":{"line":78,"column":11},"end":{"line":80,"column":null}}],"line":76},"1":{"loc":{"start":{"line":82,"column":4},"end":{"line":84,"column":null}},"type":"if","locations":[{"start":{"line":82,"column":4},"end":{"line":84,"column":null}},{"start":{},"end":{}}],"line":82},"2":{"loc":{"start":{"line":85,"column":4},"end":{"line":87,"column":null}},"type":"if","locations":[{"start":{"line":85,"column":4},"end":{"line":87,"column":null}},{"start":{},"end":{}}],"line":85},"3":{"loc":{"start":{"line":103,"column":45},"end":{"line":103,"column":76}},"type":"default-arg","locations":[{"start":{"line":103,"column":67},"end":{"line":103,"column":76}}],"line":103},"4":{"loc":{"start":{"line":120,"column":18},"end":{"line":120,"column":null}},"type":"binary-expr","locations":[{"start":{"line":120,"column":18},"end":{"line":120,"column":26}},{"start":{"line":120,"column":26},"end":{"line":120,"column":null}}],"line":120},"5":{"loc":{"start":{"line":121,"column":13},"end":{"line":121,"column":null}},"type":"binary-expr","locations":[{"start":{"line":121,"column":13},"end":{"line":121,"column":22}},{"start":{"line":121,"column":22},"end":{"line":121,"column":null}}],"line":121},"6":{"loc":{"start":{"line":122,"column":20},"end":{"line":122,"column":null}},"type":"binary-expr","locations":[{"start":{"line":122,"column":20},"end":{"line":122,"column":31}},{"start":{"line":122,"column":31},"end":{"line":122,"column":null}}],"line":122},"7":{"loc":{"start":{"line":123,"column":20},"end":{"line":123,"column":null}},"type":"binary-expr","locations":[{"start":{"line":123,"column":20},"end":{"line":123,"column":31}},{"start":{"line":123,"column":31},"end":{"line":123,"column":null}}],"line":123},"8":{"loc":{"start":{"line":124,"column":22},"end":{"line":124,"column":null}},"type":"binary-expr","locations":[{"start":{"line":124,"column":22},"end":{"line":124,"column":35}},{"start":{"line":124,"column":35},"end":{"line":124,"column":null}}],"line":124},"9":{"loc":{"start":{"line":125,"column":24},"end":{"line":125,"column":null}},"type":"binary-expr","locations":[{"start":{"line":125,"column":24},"end":{"line":125,"column":38}},{"start":{"line":125,"column":38},"end":{"line":125,"column":null}}],"line":125},"10":{"loc":{"start":{"line":131,"column":27},"end":{"line":133,"column":null}},"type":"cond-expr","locations":[{"start":{"line":132,"column":9},"end":{"line":132,"column":null}},{"start":{"line":133,"column":9},"end":{"line":133,"column":null}}],"line":131},"11":{"loc":{"start":{"line":132,"column":9},"end":{"line":132,"column":null}},"type":"binary-expr","locations":[{"start":{"line":132,"column":9},"end":{"line":132,"column":47}},{"start":{"line":132,"column":47},"end":{"line":132,"column":null}}],"line":132},"12":{"loc":{"start":{"line":133,"column":9},"end":{"line":133,"column":null}},"type":"binary-expr","locations":[{"start":{"line":133,"column":9},"end":{"line":133,"column":47}},{"start":{"line":133,"column":47},"end":{"line":133,"column":null}}],"line":133},"13":{"loc":{"start":{"line":141,"column":4},"end":{"line":152,"column":null}},"type":"if","locations":[{"start":{"line":141,"column":4},"end":{"line":152,"column":null}},{"start":{"line":149,"column":4},"end":{"line":152,"column":null}}],"line":141},"14":{"loc":{"start":{"line":142,"column":6},"end":{"line":148,"column":null}},"type":"if","locations":[{"start":{"line":142,"column":6},"end":{"line":148,"column":null}},{"start":{"line":145,"column":13},"end":{"line":148,"column":null}}],"line":142},"15":{"loc":{"start":{"line":149,"column":4},"end":{"line":152,"column":null}},"type":"if","locations":[{"start":{"line":149,"column":4},"end":{"line":152,"column":null}},{"start":{},"end":{}}],"line":149},"16":{"loc":{"start":{"line":156,"column":7},"end":{"line":156,"column":83}},"type":"cond-expr","locations":[{"start":{"line":156,"column":30},"end":{"line":156,"column":58}},{"start":{"line":156,"column":58},"end":{"line":156,"column":83}}],"line":156},"17":{"loc":{"start":{"line":160,"column":4},"end":{"line":177,"column":null}},"type":"if","locations":[{"start":{"line":160,"column":4},"end":{"line":177,"column":null}},{"start":{"line":168,"column":4},"end":{"line":177,"column":null}}],"line":160},"18":{"loc":{"start":{"line":161,"column":6},"end":{"line":167,"column":null}},"type":"if","locations":[{"start":{"line":161,"column":6},"end":{"line":167,"column":null}},{"start":{"line":164,"column":6},"end":{"line":167,"column":null}}],"line":161},"19":{"loc":{"start":{"line":164,"column":6},"end":{"line":167,"column":null}},"type":"if","locations":[{"start":{"line":164,"column":6},"end":{"line":167,"column":null}},{"start":{},"end":{}}],"line":164},"20":{"loc":{"start":{"line":168,"column":4},"end":{"line":177,"column":null}},"type":"if","locations":[{"start":{"line":168,"column":4},"end":{"line":177,"column":null}},{"start":{},"end":{}}],"line":168},"21":{"loc":{"start":{"line":170,"column":6},"end":{"line":176,"column":null}},"type":"if","locations":[{"start":{"line":170,"column":6},"end":{"line":176,"column":null}},{"start":{"line":173,"column":6},"end":{"line":176,"column":null}}],"line":170},"22":{"loc":{"start":{"line":173,"column":6},"end":{"line":176,"column":null}},"type":"if","locations":[{"start":{"line":173,"column":6},"end":{"line":176,"column":null}},{"start":{},"end":{}}],"line":173},"23":{"loc":{"start":{"line":198,"column":2},"end":{"line":219,"column":null}},"type":"if","locations":[{"start":{"line":198,"column":2},"end":{"line":219,"column":null}},{"start":{},"end":{}}],"line":198},"24":{"loc":{"start":{"line":198,"column":6},"end":{"line":198,"column":52}},"type":"binary-expr","locations":[{"start":{"line":198,"column":6},"end":{"line":198,"column":22}},{"start":{"line":198,"column":22},"end":{"line":198,"column":37}},{"start":{"line":198,"column":37},"end":{"line":198,"column":52}}],"line":198},"25":{"loc":{"start":{"line":221,"column":2},"end":{"line":221,"column":null}},"type":"if","locations":[{"start":{"line":221,"column":2},"end":{"line":221,"column":null}},{"start":{},"end":{}}],"line":221},"26":{"loc":{"start":{"line":223,"column":2},"end":{"line":233,"column":null}},"type":"if","locations":[{"start":{"line":223,"column":2},"end":{"line":233,"column":null}},{"start":{},"end":{}}],"line":223},"27":{"loc":{"start":{"line":305,"column":13},"end":{"line":314,"column":null}},"type":"binary-expr","locations":[{"start":{"line":305,"column":13},"end":{"line":305,"column":null}},{"start":{"line":306,"column":14},"end":{"line":314,"column":null}}],"line":305},"28":{"loc":{"start":{"line":316,"column":13},"end":{"line":325,"column":null}},"type":"binary-expr","locations":[{"start":{"line":316,"column":13},"end":{"line":316,"column":null}},{"start":{"line":317,"column":14},"end":{"line":325,"column":null}}],"line":316},"29":{"loc":{"start":{"line":324,"column":83},"end":{"line":324,"column":102}},"type":"binary-expr","locations":[{"start":{"line":324,"column":83},"end":{"line":324,"column":88}},{"start":{"line":324,"column":88},"end":{"line":324,"column":102}}],"line":324},"30":{"loc":{"start":{"line":327,"column":13},"end":{"line":334,"column":null}},"type":"binary-expr","locations":[{"start":{"line":327,"column":13},"end":{"line":327,"column":null}},{"start":{"line":328,"column":14},"end":{"line":334,"column":null}}],"line":327},"31":{"loc":{"start":{"line":337,"column":13},"end":{"line":349,"column":null}},"type":"binary-expr","locations":[{"start":{"line":337,"column":13},"end":{"line":337,"column":null}},{"start":{"line":338,"column":14},"end":{"line":349,"column":null}}],"line":337},"32":{"loc":{"start":{"line":351,"column":13},"end":{"line":362,"column":null}},"type":"binary-expr","locations":[{"start":{"line":351,"column":13},"end":{"line":351,"column":null}},{"start":{"line":352,"column":14},"end":{"line":362,"column":null}}],"line":351},"33":{"loc":{"start":{"line":364,"column":13},"end":{"line":365,"column":null}},"type":"binary-expr","locations":[{"start":{"line":364,"column":13},"end":{"line":364,"column":null}},{"start":{"line":365,"column":14},"end":{"line":365,"column":null}}],"line":364},"34":{"loc":{"start":{"line":367,"column":13},"end":{"line":377,"column":null}},"type":"binary-expr","locations":[{"start":{"line":367,"column":13},"end":{"line":367,"column":null}},{"start":{"line":368,"column":14},"end":{"line":377,"column":null}}],"line":367},"35":{"loc":{"start":{"line":379,"column":13},"end":{"line":388,"column":null}},"type":"binary-expr","locations":[{"start":{"line":379,"column":13},"end":{"line":379,"column":null}},{"start":{"line":380,"column":14},"end":{"line":388,"column":null}}],"line":379},"36":{"loc":{"start":{"line":414,"column":7},"end":{"line":431,"column":null}},"type":"binary-expr","locations":[{"start":{"line":414,"column":7},"end":{"line":414,"column":null}},{"start":{"line":415,"column":8},"end":{"line":431,"column":null}}],"line":414},"37":{"loc":{"start":{"line":422,"column":14},"end":{"line":424,"column":null}},"type":"if","locations":[{"start":{"line":422,"column":14},"end":{"line":424,"column":null}},{"start":{"line":422,"column":76},"end":{"line":424,"column":null}}],"line":422},"38":{"loc":{"start":{"line":422,"column":76},"end":{"line":424,"column":null}},"type":"if","locations":[{"start":{"line":422,"column":76},"end":{"line":424,"column":null}},{"start":{"line":424,"column":19},"end":{"line":424,"column":null}}],"line":422},"39":{"loc":{"start":{"line":442,"column":132},"end":{"line":444,"column":null}},"type":"cond-expr","locations":[{"start":{"line":443,"column":8},"end":{"line":443,"column":null}},{"start":{"line":444,"column":8},"end":{"line":444,"column":null}}],"line":442},"40":{"loc":{"start":{"line":452,"column":138},"end":{"line":452,"column":164}},"type":"cond-expr","locations":[{"start":{"line":452,"column":147},"end":{"line":452,"column":162}},{"start":{"line":452,"column":162},"end":{"line":452,"column":164}}],"line":452},"41":{"loc":{"start":{"line":453,"column":55},"end":{"line":453,"column":125}},"type":"cond-expr","locations":[{"start":{"line":453,"column":64},"end":{"line":453,"column":89}},{"start":{"line":453,"column":89},"end":{"line":453,"column":125}}],"line":453},"42":{"loc":{"start":{"line":454,"column":163},"end":{"line":454,"column":181}},"type":"cond-expr","locations":[{"start":{"line":454,"column":172},"end":{"line":454,"column":178}},{"start":{"line":454,"column":178},"end":{"line":454,"column":181}}],"line":454},"43":{"loc":{"start":{"line":456,"column":130},"end":{"line":456,"column":200}},"type":"cond-expr","locations":[{"start":{"line":456,"column":139},"end":{"line":456,"column":173}},{"start":{"line":456,"column":173},"end":{"line":456,"column":200}}],"line":456}},"s":{"0":1,"1":1,"2":1,"3":0,"4":1,"5":0,"6":1,"7":0,"8":1,"9":0,"10":1,"11":0,"12":0,"13":1,"14":0,"15":1,"16":0,"17":1,"18":0,"19":1,"20":2,"21":2,"22":2,"23":0,"24":2,"25":2,"26":1,"27":2,"28":1,"29":2,"30":2,"31":2,"32":2,"33":0,"34":2,"35":2,"36":2,"37":2,"38":0,"39":0,"40":0,"41":2,"42":0,"43":2,"44":0,"45":0,"46":0,"47":0,"48":0,"49":0,"50":0,"51":0,"52":0,"53":0,"54":0,"55":0,"56":0,"57":0,"58":0,"59":0,"60":0,"61":0,"62":0,"63":0,"64":0,"65":0,"66":0,"67":0,"68":0,"69":0,"70":2,"71":0,"72":0,"73":0,"74":2,"75":0,"76":0,"77":2,"78":1,"79":1,"80":0,"81":1,"82":0,"83":0,"84":0,"85":0,"86":1,"87":0,"88":0,"89":0,"90":0,"91":0,"92":0,"93":0,"94":0,"95":0,"96":0,"97":0,"98":0,"99":0,"100":0,"101":0,"102":0,"103":0,"104":0,"105":0,"106":0,"107":0,"108":0,"109":0,"110":0,"111":0,"112":0,"113":0,"114":0,"115":0,"116":0,"117":0,"118":0,"119":0,"120":0,"121":0,"122":0,"123":0,"124":0,"125":0,"126":0,"127":0,"128":0,"129":1,"130":9,"131":1,"132":9,"133":1,"134":1},"f":{"0":1,"1":0,"2":0,"3":0,"4":0,"5":0,"6":0,"7":0,"8":0,"9":0,"10":2,"11":2,"12":0,"13":0,"14":0,"15":0,"16":0,"17":0,"18":0,"19":0,"20":0,"21":0,"22":0,"23":0,"24":0,"25":0,"26":0,"27":0,"28":0,"29":0,"30":0,"31":0,"32":0,"33":0,"34":0,"35":0,"36":0,"37":0,"38":0,"39":0,"40":0,"41":0,"42":0,"43":0,"44":0,"45":0,"46":0,"47":0,"48":0,"49":0,"50":0,"51":0,"52":0,"53":0,"54":9,"55":9,"56":1},"b":{"0":[0,2],"1":[1,1],"2":[1,1],"3":[0],"4":[0,0],"5":[0,0],"6":[0,0],"7":[0,0],"8":[0,0],"9":[0,0],"10":[0,0],"11":[0,0],"12":[0,0],"13":[0,0],"14":[0,0],"15":[0,0],"16":[0,0],"17":[0,0],"18":[0,0],"19":[0,0],"20":[0,0],"21":[0,0],"22":[0,0],"23":[1,1],"24":[2,2,1],"25":[0,1],"26":[0,1],"27":[1,1],"28":[2,0],"29":[0,0],"30":[2,0],"31":[2,0],"32":[2,0],"33":[2,0],"34":[2,0],"35":[2,0],"36":[2,0],"37":[0,0],"38":[0,0],"39":[1,8],"40":[1,8],"41":[1,8],"42":[1,8],"43":[1,8]},"meta":{"lastBranch":44,"lastFunction":57,"lastStatement":135,"seen":{"s:12:6:12:Infinity":0,"f:12:23:12:29":0,"s:12:29:12:Infinity":1,"s:13:6:13:Infinity":2,"f:13:25:13:31":1,"s:13:31:13:Infinity":3,"s:14:6:14:Infinity":4,"f:14:28:14:34":2,"s:14:34:14:Infinity":5,"s:15:6:15:Infinity":6,"f:15:26:15:32":3,"s:15:32:15:Infinity":7,"s:16:6:16:Infinity":8,"f:16:25:16:31":4,"s:16:31:16:Infinity":9,"s:18:6:18:Infinity":10,"f:18:27:18:33":5,"s:18:33:18:Infinity":11,"f:18:83:18:89":6,"s:18:91:18:Infinity":12,"s:19:6:19:Infinity":13,"f:19:22:19:28":7,"s:19:28:19:Infinity":14,"s:20:6:20:Infinity":15,"f:20:27:20:33":8,"s:20:33:20:Infinity":16,"s:21:6:21:Infinity":17,"f:21:24:21:30":9,"s:21:30:21:Infinity":18,"s:25:29:437:Infinity":19,"f:25:29:25:35":10,"s:72:2:72:Infinity":20,"s:75:2:88:Infinity":21,"f:75:18:75:24":11,"b:76:4:80:Infinity:78:11:80:Infinity":0,"s:76:4:80:Infinity":22,"s:77:6:77:Infinity":23,"s:79:6:79:Infinity":24,"b:82:4:84:Infinity:undefined:undefined:undefined:undefined":1,"s:82:4:84:Infinity":25,"s:83:6:83:Infinity":26,"b:85:4:87:Infinity:undefined:undefined:undefined:undefined":2,"s:85:4:87:Infinity":27,"s:86:6:86:Infinity":28,"s:90:34:90:Infinity":29,"s:91:34:91:Infinity":30,"s:92:48:92:Infinity":31,"s:94:26:96:Infinity":32,"f:94:26:94:27":12,"s:95:4:95:Infinity":33,"s:99:48:99:Infinity":34,"s:100:32:100:Infinity":35,"s:101:42:101:Infinity":36,"s:103:25:107:Infinity":37,"f:103:25:103:26":13,"b:103:67:103:76":3,"s:104:4:104:Infinity":38,"s:105:4:105:Infinity":39,"s:106:4:106:Infinity":40,"s:109:31:127:Infinity":41,"f:109:31:109:Infinity":14,"s:116:4:126:Infinity":42,"b:120:18:120:26:120:26:120:Infinity":4,"b:121:13:121:22:121:22:121:Infinity":5,"b:122:20:122:31:122:31:122:Infinity":6,"b:123:20:123:31:123:31:123:Infinity":7,"b:124:22:124:35:124:35:124:Infinity":8,"b:125:24:125:38:125:38:125:Infinity":9,"s:129:38:183:Infinity":43,"f:129:38:129:39":15,"s:131:27:133:Infinity":44,"b:132:9:132:Infinity:133:9:133:Infinity":10,"b:132:9:132:47:132:47:132:Infinity":11,"b:133:9:133:47:133:47:133:Infinity":12,"s:137:26:137:Infinity":45,"f:137:51:137:58":16,"s:137:58:137:89":46,"s:139:21:139:Infinity":47,"b:141:4:152:Infinity:149:4:152:Infinity":13,"s:141:4:152:Infinity":48,"b:142:6:148:Infinity:145:13:148:Infinity":14,"s:142:6:148:Infinity":49,"s:144:8:144:Infinity":50,"s:147:8:147:Infinity":51,"b:149:4:152:Infinity:undefined:undefined:undefined:undefined":15,"s:149:4:152:Infinity":52,"s:151:6:151:Infinity":53,"s:155:41:157:Infinity":54,"b:156:30:156:58:156:58:156:83":16,"b:160:4:177:Infinity:168:4:177:Infinity":17,"s:160:4:177:Infinity":55,"b:161:6:167:Infinity:164:6:167:Infinity":18,"s:161:6:167:Infinity":56,"s:162:8:162:Infinity":57,"s:163:8:163:Infinity":58,"b:164:6:167:Infinity:undefined:undefined:undefined:undefined":19,"s:164:6:167:Infinity":59,"s:165:8:165:Infinity":60,"s:166:8:166:Infinity":61,"b:168:4:177:Infinity:undefined:undefined:undefined:undefined":20,"s:168:4:177:Infinity":62,"b:170:6:176:Infinity:173:6:176:Infinity":21,"s:170:6:176:Infinity":63,"s:171:8:171:Infinity":64,"s:172:8:172:Infinity":65,"b:173:6:176:Infinity:undefined:undefined:undefined:undefined":22,"s:173:6:176:Infinity":66,"s:174:8:174:Infinity":67,"s:175:8:175:Infinity":68,"s:179:4:182:Infinity":69,"s:185:24:189:Infinity":70,"f:185:24:185:25":17,"s:186:26:186:Infinity":71,"s:187:17:187:Infinity":72,"s:188:4:188:Infinity":73,"s:191:24:194:Infinity":74,"f:191:24:191:36":18,"s:192:4:192:Infinity":75,"s:193:4:193:Infinity":76,"b:198:2:219:Infinity:undefined:undefined:undefined:undefined":23,"s:198:2:219:Infinity":77,"b:198:6:198:22:198:22:198:37:198:37:198:52":24,"s:199:4:217:Infinity":78,"b:221:2:221:Infinity:undefined:undefined:undefined:undefined":25,"s:221:2:221:Infinity":79,"s:221:13:221:Infinity":80,"b:223:2:233:Infinity:undefined:undefined:undefined:undefined":26,"s:223:2:233:Infinity":81,"s:224:4:231:Infinity":82,"f:226:18:226:24":19,"s:227:10:227:Infinity":83,"s:228:10:228:Infinity":84,"f:230:16:230:22":20,"s:230:22:230:Infinity":85,"s:235:2:435:Infinity":86,"f:242:31:242:37":21,"s:242:37:242:58":87,"f:254:31:254:37":22,"s:254:37:254:56":88,"f:261:28:261:29":23,"s:261:35:261:Infinity":89,"f:265:31:265:37":24,"s:265:37:265:55":90,"f:273:66:273:72":25,"s:273:72:273:100":91,"f:274:66:274:72":26,"s:274:72:274:100":92,"f:275:67:275:73":27,"s:275:73:275:102":93,"f:276:72:276:78":28,"s:276:78:276:112":94,"f:277:64:277:70":29,"s:277:70:277:96":95,"f:278:70:278:76":30,"s:278:76:278:108":96,"f:279:63:279:69":31,"s:279:69:279:94":97,"f:280:64:280:70":32,"s:280:70:280:96":98,"f:281:66:281:72":33,"s:281:72:281:100":99,"f:290:64:290:70":34,"s:290:70:290:98":100,"f:291:64:291:70":35,"s:291:70:291:98":101,"f:292:65:292:71":36,"s:292:71:292:100":102,"f:293:70:293:76":37,"s:293:76:293:110":103,"f:294:62:294:68":38,"s:294:68:294:94":104,"f:295:68:295:74":39,"s:295:74:295:106":105,"f:296:61:296:67":40,"s:296:67:296:92":106,"f:297:62:297:68":41,"s:297:68:297:94":107,"f:298:64:298:70":42,"s:298:70:298:98":108,"b:305:13:305:Infinity:306:14:314:Infinity":27,"f:311:37:311:43":43,"s:311:43:311:Infinity":109,"b:316:13:316:Infinity:317:14:325:Infinity":28,"f:324:36:324:37":44,"s:324:49:324:Infinity":110,"b:324:83:324:88:324:88:324:102":29,"b:327:13:327:Infinity:328:14:334:Infinity":30,"b:337:13:337:Infinity:338:14:349:Infinity":31,"b:351:13:351:Infinity:352:14:362:Infinity":32,"b:364:13:364:Infinity:365:14:365:Infinity":33,"b:367:13:367:Infinity:368:14:377:Infinity":34,"f:375:33:375:34":45,"s:375:46:375:Infinity":111,"b:379:13:379:Infinity:380:14:388:Infinity":35,"f:385:30:385:31":46,"s:385:40:385:Infinity":112,"f:386:33:386:34":47,"s:386:46:386:Infinity":113,"f:397:17:397:23":48,"s:397:23:397:Infinity":114,"f:399:27:399:33":49,"s:399:33:399:Infinity":115,"f:404:29:404:35":50,"s:404:35:404:Infinity":116,"f:405:29:405:35":51,"s:405:35:405:Infinity":117,"b:414:7:414:Infinity:415:8:431:Infinity":36,"f:419:19:419:25":52,"s:419:27:419:56":118,"s:419:56:419:81":119,"f:420:17:420:24":53,"s:421:12:429:Infinity":120,"b:422:14:424:Infinity:422:76:424:Infinity":37,"s:422:14:424:Infinity":121,"s:422:34:422:Infinity":122,"b:422:76:424:Infinity:424:19:424:Infinity":38,"s:422:76:424:Infinity":123,"s:423:43:423:Infinity":124,"s:424:19:424:Infinity":125,"s:425:14:425:Infinity":126,"s:426:14:426:Infinity":127,"s:428:14:428:Infinity":128,"s:439:83:448:Infinity":129,"f:439:83:439:84":54,"s:440:2:448:Infinity":130,"b:443:8:443:Infinity:444:8:444:Infinity":39,"s:451:99:459:Infinity":131,"f:451:99:451:100":55,"s:452:2:459:Infinity":132,"b:452:147:452:162:452:162:452:164":40,"b:453:64:453:89:453:89:453:125":41,"b:454:172:454:178:454:178:454:181":42,"b:456:139:456:173:456:173:456:200":43,"s:462:22:465:Infinity":133,"f:462:22:462:Infinity":56,"s:463:2:465:Infinity":134}}}
,"D:\\Projetos\\Financa-main\\src\\AuthContext.tsx": {"path":"D:\\Projetos\\Financa-main\\src\\AuthContext.tsx","statementMap":{"0":{"start":{"line":16,"column":6},"end":{"line":16,"column":null}},"1":{"start":{"line":18,"column":69},"end":{"line":72,"column":null}},"2":{"start":{"line":19,"column":24},"end":{"line":19,"column":null}},"3":{"start":{"line":20,"column":30},"end":{"line":20,"column":null}},"4":{"start":{"line":21,"column":30},"end":{"line":21,"column":null}},"5":{"start":{"line":23,"column":4},"end":{"line":39,"column":null}},"6":{"start":{"line":25,"column":8},"end":{"line":29,"column":null}},"7":{"start":{"line":26,"column":12},"end":{"line":26,"column":null}},"8":{"start":{"line":27,"column":12},"end":{"line":27,"column":null}},"9":{"start":{"line":28,"column":12},"end":{"line":28,"column":null}},"10":{"start":{"line":32,"column":43},"end":{"line":36,"column":null}},"11":{"start":{"line":33,"column":12},"end":{"line":33,"column":null}},"12":{"start":{"line":34,"column":12},"end":{"line":34,"column":null}},"13":{"start":{"line":35,"column":12},"end":{"line":35,"column":null}},"14":{"start":{"line":38,"column":8},"end":{"line":38,"column":null}},"15":{"start":{"line":38,"column":21},"end":{"line":38,"column":null}},"16":{"start":{"line":41,"column":19},"end":{"line":44,"column":null}},"17":{"start":{"line":42,"column":26},"end":{"line":42,"column":null}},"18":{"start":{"line":43,"column":8},"end":{"line":43,"column":null}},"19":{"start":{"line":46,"column":19},"end":{"line":49,"column":null}},"20":{"start":{"line":47,"column":26},"end":{"line":47,"column":null}},"21":{"start":{"line":48,"column":8},"end":{"line":48,"column":null}},"22":{"start":{"line":51,"column":26},"end":{"line":56,"column":null}},"23":{"start":{"line":52,"column":26},"end":{"line":54,"column":null}},"24":{"start":{"line":55,"column":8},"end":{"line":55,"column":null}},"25":{"start":{"line":58,"column":27},"end":{"line":61,"column":null}},"26":{"start":{"line":59,"column":26},"end":{"line":59,"column":null}},"27":{"start":{"line":60,"column":8},"end":{"line":60,"column":null}},"28":{"start":{"line":63,"column":20},"end":{"line":65,"column":null}},"29":{"start":{"line":64,"column":8},"end":{"line":64,"column":null}},"30":{"start":{"line":67,"column":4},"end":{"line":70,"column":null}},"31":{"start":{"line":74,"column":23},"end":{"line":80,"column":null}},"32":{"start":{"line":75,"column":10},"end":{"line":75,"column":null}},"33":{"start":{"line":76,"column":4},"end":{"line":78,"column":null}},"34":{"start":{"line":77,"column":8},"end":{"line":77,"column":null}},"35":{"start":{"line":79,"column":4},"end":{"line":79,"column":null}}},"fnMap":{"0":{"name":"(anonymous_0)","decl":{"start":{"line":18,"column":69},"end":{"line":18,"column":70}},"loc":{"start":{"line":18,"column":87},"end":{"line":72,"column":null}},"line":18},"1":{"name":"(anonymous_1)","decl":{"start":{"line":23,"column":14},"end":{"line":23,"column":20}},"loc":{"start":{"line":23,"column":20},"end":{"line":39,"column":7}},"line":23},"2":{"name":"(anonymous_2)","decl":{"start":{"line":25,"column":40},"end":{"line":25,"column":41}},"loc":{"start":{"line":25,"column":67},"end":{"line":29,"column":9}},"line":25},"3":{"name":"(anonymous_3)","decl":{"start":{"line":32,"column":75},"end":{"line":32,"column":76}},"loc":{"start":{"line":32,"column":96},"end":{"line":36,"column":9}},"line":32},"4":{"name":"(anonymous_4)","decl":{"start":{"line":38,"column":15},"end":{"line":38,"column":21}},"loc":{"start":{"line":38,"column":21},"end":{"line":38,"column":null}},"line":38},"5":{"name":"(anonymous_5)","decl":{"start":{"line":41,"column":19},"end":{"line":41,"column":26}},"loc":{"start":{"line":41,"column":62},"end":{"line":44,"column":null}},"line":41},"6":{"name":"(anonymous_6)","decl":{"start":{"line":46,"column":19},"end":{"line":46,"column":26}},"loc":{"start":{"line":46,"column":62},"end":{"line":49,"column":null}},"line":46},"7":{"name":"(anonymous_7)","decl":{"start":{"line":51,"column":26},"end":{"line":51,"column":33}},"loc":{"start":{"line":51,"column":51},"end":{"line":56,"column":null}},"line":51},"8":{"name":"(anonymous_8)","decl":{"start":{"line":58,"column":27},"end":{"line":58,"column":34}},"loc":{"start":{"line":58,"column":55},"end":{"line":61,"column":null}},"line":58},"9":{"name":"(anonymous_9)","decl":{"start":{"line":63,"column":20},"end":{"line":63,"column":32}},"loc":{"start":{"line":63,"column":32},"end":{"line":65,"column":null}},"line":63},"10":{"name":"(anonymous_10)","decl":{"start":{"line":74,"column":23},"end":{"line":74,"column":29}},"loc":{"start":{"line":74,"column":29},"end":{"line":80,"column":null}},"line":74}},"branchMap":{"0":{"loc":{"start":{"line":27,"column":20},"end":{"line":27,"column":41}},"type":"binary-expr","locations":[{"start":{"line":27,"column":20},"end":{"line":27,"column":37}},{"start":{"line":27,"column":37},"end":{"line":27,"column":41}}],"line":27},"1":{"loc":{"start":{"line":34,"column":20},"end":{"line":34,"column":41}},"type":"binary-expr","locations":[{"start":{"line":34,"column":20},"end":{"line":34,"column":37}},{"start":{"line":34,"column":37},"end":{"line":34,"column":41}}],"line":34},"2":{"loc":{"start":{"line":76,"column":4},"end":{"line":78,"column":null}},"type":"if","locations":[{"start":{"line":76,"column":4},"end":{"line":78,"column":null}},{"start":{},"end":{}}],"line":76}},"s":{"0":1,"1":1,"2":0,"3":0,"4":0,"5":0,"6":0,"7":0,"8":0,"9":0,"10":0,"11":0,"12":0,"13":0,"14":0,"15":0,"16":0,"17":0,"18":0,"19":0,"20":0,"21":0,"22":0,"23":0,"24":0,"25":0,"26":0,"27":0,"28":0,"29":0,"30":0,"31":1,"32":0,"33":0,"34":0,"35":0},"f":{"0":0,"1":0,"2":0,"3":0,"4":0,"5":0,"6":0,"7":0,"8":0,"9":0,"10":0},"b":{"0":[0,0],"1":[0,0],"2":[0,0]},"meta":{"lastBranch":3,"lastFunction":11,"lastStatement":36,"seen":{"s:16:6:16:Infinity":0,"s:18:69:72:Infinity":1,"f:18:69:18:70":0,"s:19:24:19:Infinity":2,"s:20:30:20:Infinity":3,"s:21:30:21:Infinity":4,"s:23:4:39:Infinity":5,"f:23:14:23:20":1,"s:25:8:29:Infinity":6,"f:25:40:25:41":2,"s:26:12:26:Infinity":7,"s:27:12:27:Infinity":8,"b:27:20:27:37:27:37:27:41":0,"s:28:12:28:Infinity":9,"s:32:43:36:Infinity":10,"f:32:75:32:76":3,"s:33:12:33:Infinity":11,"s:34:12:34:Infinity":12,"b:34:20:34:37:34:37:34:41":1,"s:35:12:35:Infinity":13,"s:38:8:38:Infinity":14,"f:38:15:38:21":4,"s:38:21:38:Infinity":15,"s:41:19:44:Infinity":16,"f:41:19:41:26":5,"s:42:26:42:Infinity":17,"s:43:8:43:Infinity":18,"s:46:19:49:Infinity":19,"f:46:19:46:26":6,"s:47:26:47:Infinity":20,"s:48:8:48:Infinity":21,"s:51:26:56:Infinity":22,"f:51:26:51:33":7,"s:52:26:54:Infinity":23,"s:55:8:55:Infinity":24,"s:58:27:61:Infinity":25,"f:58:27:58:34":8,"s:59:26:59:Infinity":26,"s:60:8:60:Infinity":27,"s:63:20:65:Infinity":28,"f:63:20:63:32":9,"s:64:8:64:Infinity":29,"s:67:4:70:Infinity":30,"s:74:23:80:Infinity":31,"f:74:23:74:29":10,"s:75:10:75:Infinity":32,"b:76:4:78:Infinity:undefined:undefined:undefined:undefined":2,"s:76:4:78:Infinity":33,"s:77:8:77:Infinity":34,"s:79:4:79:Infinity":35}}}
,"D:\\Projetos\\Financa-main\\src\\notificationService.ts": {"path":"D:\\Projetos\\Financa-main\\src\\notificationService.ts","statementMap":{"0":{"start":{"line":5,"column":32},"end":{"line":40,"column":null}},"1":{"start":{"line":6,"column":22},"end":{"line":6,"column":null}},"2":{"start":{"line":7,"column":4},"end":{"line":7,"column":null}},"3":{"start":{"line":7,"column":43},"end":{"line":7,"column":null}},"4":{"start":{"line":9,"column":4},"end":{"line":39,"column":null}},"5":{"start":{"line":10,"column":30},"end":{"line":10,"column":null}},"6":{"start":{"line":11,"column":8},"end":{"line":13,"column":null}},"7":{"start":{"line":12,"column":12},"end":{"line":12,"column":null}},"8":{"start":{"line":16,"column":8},"end":{"line":35,"column":null}},"9":{"start":{"line":38,"column":8},"end":{"line":38,"column":null}},"10":{"start":{"line":42,"column":30},"end":{"line":53,"column":null}},"11":{"start":{"line":43,"column":22},"end":{"line":43,"column":null}},"12":{"start":{"line":44,"column":4},"end":{"line":44,"column":null}},"13":{"start":{"line":44,"column":19},"end":{"line":44,"column":null}},"14":{"start":{"line":46,"column":4},"end":{"line":52,"column":null}},"15":{"start":{"line":47,"column":8},"end":{"line":49,"column":null}},"16":{"start":{"line":51,"column":8},"end":{"line":51,"column":null}}},"fnMap":{"0":{"name":"(anonymous_0)","decl":{"start":{"line":5,"column":32},"end":{"line":5,"column":39}},"loc":{"start":{"line":5,"column":60},"end":{"line":40,"column":null}},"line":5},"1":{"name":"(anonymous_1)","decl":{"start":{"line":42,"column":30},"end":{"line":42,"column":37}},"loc":{"start":{"line":42,"column":59},"end":{"line":53,"column":null}},"line":42}},"branchMap":{"0":{"loc":{"start":{"line":7,"column":4},"end":{"line":7,"column":null}},"type":"if","locations":[{"start":{"line":7,"column":4},"end":{"line":7,"column":null}},{"start":{},"end":{}}],"line":7},"1":{"loc":{"start":{"line":7,"column":8},"end":{"line":7,"column":43}},"type":"binary-expr","locations":[{"start":{"line":7,"column":8},"end":{"line":7,"column":21}},{"start":{"line":7,"column":21},"end":{"line":7,"column":43}}],"line":7},"2":{"loc":{"start":{"line":11,"column":8},"end":{"line":13,"column":null}},"type":"if","locations":[{"start":{"line":11,"column":8},"end":{"line":13,"column":null}},{"start":{},"end":{}}],"line":11},"3":{"loc":{"start":{"line":44,"column":4},"end":{"line":44,"column":null}},"type":"if","locations":[{"start":{"line":44,"column":4},"end":{"line":44,"column":null}},{"start":{},"end":{}}],"line":44}},"s":{"0":1,"1":0,"2":0,"3":0,"4":0,"5":0,"6":0,"7":0,"8":0,"9":0,"10":1,"11":0,"12":0,"13":0,"14":0,"15":0,"16":0},"f":{"0":0,"1":0},"b":{"0":[0,0],"1":[0,0],"2":[0,0],"3":[0,0]},"meta":{"lastBranch":4,"lastFunction":2,"lastStatement":17,"seen":{"s:5:32:40:Infinity":0,"f:5:32:5:39":0,"s:6:22:6:Infinity":1,"b:7:4:7:Infinity:undefined:undefined:undefined:undefined":0,"s:7:4:7:Infinity":2,"b:7:8:7:21:7:21:7:43":1,"s:7:43:7:Infinity":3,"s:9:4:39:Infinity":4,"s:10:30:10:Infinity":5,"b:11:8:13:Infinity:undefined:undefined:undefined:undefined":2,"s:11:8:13:Infinity":6,"s:12:12:12:Infinity":7,"s:16:8:35:Infinity":8,"s:38:8:38:Infinity":9,"s:42:30:53:Infinity":10,"f:42:30:42:37":1,"s:43:22:43:Infinity":11,"b:44:4:44:Infinity:undefined:undefined:undefined:undefined":3,"s:44:4:44:Infinity":12,"s:44:19:44:Infinity":13,"s:46:4:52:Infinity":14,"s:47:8:49:Infinity":15,"s:51:8:51:Infinity":16}}}
,"D:\\Projetos\\Financa-main\\src\\types.ts": {"path":"D:\\Projetos\\Financa-main\\src\\types.ts","statementMap":{"0":{"start":{"line":7,"column":7},"end":{"line":7,"column":null}},"1":{"start":{"line":8,"column":2},"end":{"line":8,"column":null}},"2":{"start":{"line":9,"column":2},"end":{"line":9,"column":null}},"3":{"start":{"line":10,"column":2},"end":{"line":10,"column":null}},"4":{"start":{"line":11,"column":2},"end":{"line":11,"column":null}},"5":{"start":{"line":12,"column":2},"end":{"line":12,"column":null}},"6":{"start":{"line":13,"column":2},"end":{"line":13,"column":null}},"7":{"start":{"line":14,"column":2},"end":{"line":14,"column":null}},"8":{"start":{"line":7,"column":12},"end":{"line":7,"column":null}}},"fnMap":{"0":{"name":"(anonymous_0)","decl":{"start":{"line":7,"column":7},"end":{"line":7,"column":12}},"loc":{"start":{"line":7,"column":7},"end":{"line":7,"column":null}},"line":7}},"branchMap":{"0":{"loc":{"start":{"line":7,"column":12},"end":{"line":7,"column":null}},"type":"binary-expr","locations":[{"start":{"line":7,"column":12},"end":{"line":7,"column":null}},{"start":{"line":7,"column":12},"end":{"line":7,"column":null}}],"line":7}},"s":{"0":2,"1":2,"2":2,"3":2,"4":2,"5":2,"6":2,"7":2,"8":2},"f":{"0":2},"b":{"0":[2,2]},"meta":{"lastBranch":1,"lastFunction":1,"lastStatement":9,"seen":{"s:7:7:7:Infinity":0,"f:7:7:7:12":0,"s:8:2:8:Infinity":1,"s:9:2:9:Infinity":2,"s:10:2:10:Infinity":3,"s:11:2:11:Infinity":4,"s:12:2:12:Infinity":5,"s:13:2:13:Infinity":6,"s:14:2:14:Infinity":7,"s:7:12:7:Infinity":8,"b:7:12:7:Infinity:7:12:7:Infinity":0}}}
,"D:\\Projetos\\Financa-main\\src\\utils.ts": {"path":"D:\\Projetos\\Financa-main\\src\\utils.ts","statementMap":{},"fnMap":{},"branchMap":{},"s":{},"f":{},"b":{},"meta":{"lastBranch":0,"lastFunction":0,"lastStatement":0,"seen":{}}}
,"D:\\Projetos\\Financa-main\\src\\components\\auth\\Auth.tsx": {"path":"D:\\Projetos\\Financa-main\\src\\components\\auth\\Auth.tsx","statementMap":{"0":{"start":{"line":5,"column":23},"end":{"line":170,"column":null}},"1":{"start":{"line":6,"column":40},"end":{"line":6,"column":null}},"2":{"start":{"line":7,"column":24},"end":{"line":7,"column":null}},"3":{"start":{"line":8,"column":30},"end":{"line":8,"column":null}},"4":{"start":{"line":9,"column":24},"end":{"line":9,"column":null}},"5":{"start":{"line":10,"column":30},"end":{"line":10,"column":null}},"6":{"start":{"line":11,"column":28},"end":{"line":11,"column":null}},"7":{"start":{"line":12,"column":24},"end":{"line":12,"column":null}},"8":{"start":{"line":13,"column":28},"end":{"line":13,"column":null}},"9":{"start":{"line":15,"column":23},"end":{"line":37,"column":null}},"10":{"start":{"line":16,"column":4},"end":{"line":16,"column":null}},"11":{"start":{"line":17,"column":4},"end":{"line":17,"column":null}},"12":{"start":{"line":18,"column":4},"end":{"line":18,"column":null}},"13":{"start":{"line":19,"column":4},"end":{"line":19,"column":null}},"14":{"start":{"line":21,"column":4},"end":{"line":36,"column":null}},"15":{"start":{"line":22,"column":6},"end":{"line":33,"column":null}},"16":{"start":{"line":23,"column":26},"end":{"line":23,"column":null}},"17":{"start":{"line":24,"column":8},"end":{"line":25,"column":null}},"18":{"start":{"line":24,"column":19},"end":{"line":24,"column":null}},"19":{"start":{"line":25,"column":13},"end":{"line":25,"column":null}},"20":{"start":{"line":26,"column":6},"end":{"line":33,"column":null}},"21":{"start":{"line":27,"column":26},"end":{"line":27,"column":null}},"22":{"start":{"line":28,"column":8},"end":{"line":29,"column":null}},"23":{"start":{"line":28,"column":19},"end":{"line":28,"column":null}},"24":{"start":{"line":29,"column":13},"end":{"line":29,"column":null}},"25":{"start":{"line":31,"column":26},"end":{"line":31,"column":null}},"26":{"start":{"line":32,"column":8},"end":{"line":32,"column":null}},"27":{"start":{"line":32,"column":19},"end":{"line":32,"column":null}},"28":{"start":{"line":35,"column":6},"end":{"line":35,"column":null}},"29":{"start":{"line":39,"column":2},"end":{"line":168,"column":null}},"30":{"start":{"line":88,"column":33},"end":{"line":88,"column":null}},"31":{"start":{"line":102,"column":37},"end":{"line":102,"column":56}},"32":{"start":{"line":102,"column":56},"end":{"line":102,"column":72}},"33":{"start":{"line":102,"column":72},"end":{"line":102,"column":90}},"34":{"start":{"line":118,"column":35},"end":{"line":118,"column":null}},"35":{"start":{"line":143,"column":29},"end":{"line":143,"column":49}},"36":{"start":{"line":143,"column":49},"end":{"line":143,"column":67}},"37":{"start":{"line":143,"column":67},"end":{"line":143,"column":83}},"38":{"start":{"line":143,"column":83},"end":{"line":143,"column":101}},"39":{"start":{"line":154,"column":31},"end":{"line":154,"column":51}},"40":{"start":{"line":154,"column":51},"end":{"line":154,"column":67}},"41":{"start":{"line":154,"column":67},"end":{"line":154,"column":85}}},"fnMap":{"0":{"name":"(anonymous_0)","decl":{"start":{"line":5,"column":23},"end":{"line":5,"column":29}},"loc":{"start":{"line":5,"column":29},"end":{"line":170,"column":null}},"line":5},"1":{"name":"(anonymous_1)","decl":{"start":{"line":15,"column":23},"end":{"line":15,"column":30}},"loc":{"start":{"line":15,"column":53},"end":{"line":37,"column":null}},"line":15},"2":{"name":"(anonymous_2)","decl":{"start":{"line":88,"column":26},"end":{"line":88,"column":27}},"loc":{"start":{"line":88,"column":33},"end":{"line":88,"column":null}},"line":88},"3":{"name":"(anonymous_3)","decl":{"start":{"line":102,"column":29},"end":{"line":102,"column":35}},"loc":{"start":{"line":102,"column":35},"end":{"line":102,"column":null}},"line":102},"4":{"name":"(anonymous_4)","decl":{"start":{"line":118,"column":28},"end":{"line":118,"column":29}},"loc":{"start":{"line":118,"column":35},"end":{"line":118,"column":null}},"line":118},"5":{"name":"(anonymous_5)","decl":{"start":{"line":143,"column":21},"end":{"line":143,"column":27}},"loc":{"start":{"line":143,"column":27},"end":{"line":143,"column":null}},"line":143},"6":{"name":"(anonymous_6)","decl":{"start":{"line":154,"column":23},"end":{"line":154,"column":29}},"loc":{"start":{"line":154,"column":29},"end":{"line":154,"column":null}},"line":154}},"branchMap":{"0":{"loc":{"start":{"line":22,"column":6},"end":{"line":33,"column":null}},"type":"if","locations":[{"start":{"line":22,"column":6},"end":{"line":33,"column":null}},{"start":{"line":26,"column":6},"end":{"line":33,"column":null}}],"line":22},"1":{"loc":{"start":{"line":24,"column":8},"end":{"line":25,"column":null}},"type":"if","locations":[{"start":{"line":24,"column":8},"end":{"line":25,"column":null}},{"start":{"line":25,"column":13},"end":{"line":25,"column":null}}],"line":24},"2":{"loc":{"start":{"line":26,"column":6},"end":{"line":33,"column":null}},"type":"if","locations":[{"start":{"line":26,"column":6},"end":{"line":33,"column":null}},{"start":{"line":30,"column":13},"end":{"line":33,"column":null}}],"line":26},"3":{"loc":{"start":{"line":28,"column":8},"end":{"line":29,"column":null}},"type":"if","locations":[{"start":{"line":28,"column":8},"end":{"line":29,"column":null}},{"start":{"line":29,"column":13},"end":{"line":29,"column":null}}],"line":28},"4":{"loc":{"start":{"line":32,"column":8},"end":{"line":32,"column":null}},"type":"if","locations":[{"start":{"line":32,"column":8},"end":{"line":32,"column":null}},{"start":{},"end":{}}],"line":32},"5":{"loc":{"start":{"line":56,"column":13},"end":{"line":56,"column":null}},"type":"cond-expr","locations":[{"start":{"line":56,"column":24},"end":{"line":56,"column":38}},{"start":{"line":56,"column":38},"end":{"line":56,"column":null}}],"line":56},"6":{"loc":{"start":{"line":56,"column":38},"end":{"line":56,"column":null}},"type":"cond-expr","locations":[{"start":{"line":56,"column":46},"end":{"line":56,"column":62}},{"start":{"line":56,"column":62},"end":{"line":56,"column":null}}],"line":56},"7":{"loc":{"start":{"line":59,"column":13},"end":{"line":59,"column":null}},"type":"cond-expr","locations":[{"start":{"line":59,"column":24},"end":{"line":59,"column":45}},{"start":{"line":59,"column":45},"end":{"line":59,"column":null}}],"line":59},"8":{"loc":{"start":{"line":63,"column":9},"end":{"line":67,"column":null}},"type":"binary-expr","locations":[{"start":{"line":63,"column":9},"end":{"line":63,"column":null}},{"start":{"line":64,"column":10},"end":{"line":67,"column":null}}],"line":63},"9":{"loc":{"start":{"line":70,"column":9},"end":{"line":74,"column":null}},"type":"binary-expr","locations":[{"start":{"line":70,"column":9},"end":{"line":70,"column":null}},{"start":{"line":71,"column":10},"end":{"line":74,"column":null}}],"line":70},"10":{"loc":{"start":{"line":95,"column":11},"end":{"line":123,"column":null}},"type":"binary-expr","locations":[{"start":{"line":95,"column":11},"end":{"line":95,"column":null}},{"start":{"line":96,"column":12},"end":{"line":123,"column":null}}],"line":95},"11":{"loc":{"start":{"line":99,"column":17},"end":{"line":106,"column":null}},"type":"binary-expr","locations":[{"start":{"line":99,"column":17},"end":{"line":99,"column":null}},{"start":{"line":100,"column":18},"end":{"line":106,"column":null}}],"line":99},"12":{"loc":{"start":{"line":132,"column":15},"end":{"line":132,"column":null}},"type":"cond-expr","locations":[{"start":{"line":132,"column":25},"end":{"line":132,"column":44}},{"start":{"line":132,"column":44},"end":{"line":132,"column":null}}],"line":132},"13":{"loc":{"start":{"line":132,"column":44},"end":{"line":132,"column":null}},"type":"cond-expr","locations":[{"start":{"line":132,"column":55},"end":{"line":132,"column":76}},{"start":{"line":132,"column":76},"end":{"line":132,"column":null}}],"line":132},"14":{"loc":{"start":{"line":132,"column":76},"end":{"line":132,"column":null}},"type":"cond-expr","locations":[{"start":{"line":132,"column":84},"end":{"line":132,"column":102}},{"start":{"line":132,"column":102},"end":{"line":132,"column":null}}],"line":132},"15":{"loc":{"start":{"line":134,"column":13},"end":{"line":135,"column":null}},"type":"binary-expr","locations":[{"start":{"line":134,"column":13},"end":{"line":134,"column":null}},{"start":{"line":135,"column":14},"end":{"line":135,"column":null}}],"line":134},"16":{"loc":{"start":{"line":146,"column":13},"end":{"line":146,"column":null}},"type":"cond-expr","locations":[{"start":{"line":146,"column":21},"end":{"line":146,"column":43}},{"start":{"line":146,"column":43},"end":{"line":146,"column":null}}],"line":146},"17":{"loc":{"start":{"line":148,"column":15},"end":{"line":148,"column":null}},"type":"cond-expr","locations":[{"start":{"line":148,"column":23},"end":{"line":148,"column":44}},{"start":{"line":148,"column":44},"end":{"line":148,"column":null}}],"line":148},"18":{"loc":{"start":{"line":152,"column":11},"end":{"line":158,"column":null}},"type":"binary-expr","locations":[{"start":{"line":152,"column":11},"end":{"line":152,"column":null}},{"start":{"line":153,"column":12},"end":{"line":158,"column":null}}],"line":152}},"s":{"0":1,"1":0,"2":0,"3":0,"4":0,"5":0,"6":0,"7":0,"8":0,"9":0,"10":0,"11":0,"12":0,"13":0,"14":0,"15":0,"16":0,"17":0,"18":0,"19":0,"20":0,"21":0,"22":0,"23":0,"24":0,"25":0,"26":0,"27":0,"28":0,"29":0,"30":0,"31":0,"32":0,"33":0,"34":0,"35":0,"36":0,"37":0,"38":0,"39":0,"40":0,"41":0},"f":{"0":0,"1":0,"2":0,"3":0,"4":0,"5":0,"6":0},"b":{"0":[0,0],"1":[0,0],"2":[0,0],"3":[0,0],"4":[0,0],"5":[0,0],"6":[0,0],"7":[0,0],"8":[0,0],"9":[0,0],"10":[0,0],"11":[0,0],"12":[0,0],"13":[0,0],"14":[0,0],"15":[0,0],"16":[0,0],"17":[0,0],"18":[0,0]},"meta":{"lastBranch":19,"lastFunction":7,"lastStatement":42,"seen":{"s:5:23:170:Infinity":0,"f:5:23:5:29":0,"s:6:40:6:Infinity":1,"s:7:24:7:Infinity":2,"s:8:30:8:Infinity":3,"s:9:24:9:Infinity":4,"s:10:30:10:Infinity":5,"s:11:28:11:Infinity":6,"s:12:24:12:Infinity":7,"s:13:28:13:Infinity":8,"s:15:23:37:Infinity":9,"f:15:23:15:30":1,"s:16:4:16:Infinity":10,"s:17:4:17:Infinity":11,"s:18:4:18:Infinity":12,"s:19:4:19:Infinity":13,"s:21:4:36:Infinity":14,"b:22:6:33:Infinity:26:6:33:Infinity":0,"s:22:6:33:Infinity":15,"s:23:26:23:Infinity":16,"b:24:8:25:Infinity:25:13:25:Infinity":1,"s:24:8:25:Infinity":17,"s:24:19:24:Infinity":18,"s:25:13:25:Infinity":19,"b:26:6:33:Infinity:30:13:33:Infinity":2,"s:26:6:33:Infinity":20,"s:27:26:27:Infinity":21,"b:28:8:29:Infinity:29:13:29:Infinity":3,"s:28:8:29:Infinity":22,"s:28:19:28:Infinity":23,"s:29:13:29:Infinity":24,"s:31:26:31:Infinity":25,"b:32:8:32:Infinity:undefined:undefined:undefined:undefined":4,"s:32:8:32:Infinity":26,"s:32:19:32:Infinity":27,"s:35:6:35:Infinity":28,"s:39:2:168:Infinity":29,"b:56:24:56:38:56:38:56:Infinity":5,"b:56:46:56:62:56:62:56:Infinity":6,"b:59:24:59:45:59:45:59:Infinity":7,"b:63:9:63:Infinity:64:10:67:Infinity":8,"b:70:9:70:Infinity:71:10:74:Infinity":9,"f:88:26:88:27":2,"s:88:33:88:Infinity":30,"b:95:11:95:Infinity:96:12:123:Infinity":10,"b:99:17:99:Infinity:100:18:106:Infinity":11,"f:102:29:102:35":3,"s:102:37:102:56":31,"s:102:56:102:72":32,"s:102:72:102:90":33,"f:118:28:118:29":4,"s:118:35:118:Infinity":34,"b:132:25:132:44:132:44:132:Infinity":12,"b:132:55:132:76:132:76:132:Infinity":13,"b:132:84:132:102:132:102:132:Infinity":14,"b:134:13:134:Infinity:135:14:135:Infinity":15,"f:143:21:143:27":5,"s:143:29:143:49":35,"s:143:49:143:67":36,"s:143:67:143:83":37,"s:143:83:143:101":38,"b:146:21:146:43:146:43:146:Infinity":16,"b:148:23:148:44:148:44:148:Infinity":17,"b:152:11:152:Infinity:153:12:158:Infinity":18,"f:154:23:154:29":6,"s:154:31:154:51":39,"s:154:51:154:67":40,"s:154:67:154:85":41}}}
,"D:\\Projetos\\Financa-main\\src\\components\\common\\HouseholdLink.tsx": {"path":"D:\\Projetos\\Financa-main\\src\\components\\common\\HouseholdLink.tsx","statementMap":{"0":{"start":{"line":10,"column":39},"end":{"line":180,"column":null}},"1":{"start":{"line":11,"column":17},"end":{"line":11,"column":null}},"2":{"start":{"line":12,"column":36},"end":{"line":12,"column":null}},"3":{"start":{"line":13,"column":30},"end":{"line":13,"column":null}},"4":{"start":{"line":14,"column":26},"end":{"line":14,"column":null}},"5":{"start":{"line":17,"column":48},"end":{"line":17,"column":null}},"6":{"start":{"line":18,"column":52},"end":{"line":18,"column":null}},"7":{"start":{"line":20,"column":30},"end":{"line":56,"column":null}},"8":{"start":{"line":21,"column":8},"end":{"line":21,"column":null}},"9":{"start":{"line":22,"column":8},"end":{"line":22,"column":null}},"10":{"start":{"line":22,"column":19},"end":{"line":22,"column":null}},"11":{"start":{"line":24,"column":8},"end":{"line":24,"column":null}},"12":{"start":{"line":25,"column":8},"end":{"line":25,"column":null}},"13":{"start":{"line":27,"column":8},"end":{"line":55,"column":null}},"14":{"start":{"line":28,"column":31},"end":{"line":28,"column":null}},"15":{"start":{"line":29,"column":59},"end":{"line":29,"column":null}},"16":{"start":{"line":31,"column":12},"end":{"line":33,"column":null}},"17":{"start":{"line":32,"column":16},"end":{"line":32,"column":null}},"18":{"start":{"line":35,"column":32},"end":{"line":35,"column":null}},"19":{"start":{"line":37,"column":12},"end":{"line":39,"column":null}},"20":{"start":{"line":38,"column":16},"end":{"line":38,"column":null}},"21":{"start":{"line":41,"column":12},"end":{"line":41,"column":null}},"22":{"start":{"line":44,"column":28},"end":{"line":44,"column":null}},"23":{"start":{"line":46,"column":12},"end":{"line":50,"column":null}},"24":{"start":{"line":47,"column":16},"end":{"line":47,"column":null}},"25":{"start":{"line":49,"column":16},"end":{"line":49,"column":null}},"26":{"start":{"line":52,"column":12},"end":{"line":52,"column":null}},"27":{"start":{"line":54,"column":12},"end":{"line":54,"column":null}},"28":{"start":{"line":58,"column":24},"end":{"line":77,"column":null}},"29":{"start":{"line":59,"column":8},"end":{"line":59,"column":null}},"30":{"start":{"line":60,"column":8},"end":{"line":76,"column":null}},"31":{"start":{"line":61,"column":12},"end":{"line":64,"column":null}},"32":{"start":{"line":62,"column":48},"end":{"line":62,"column":null}},"33":{"start":{"line":63,"column":16},"end":{"line":63,"column":null}},"34":{"start":{"line":63,"column":34},"end":{"line":63,"column":null}},"35":{"start":{"line":66,"column":12},"end":{"line":70,"column":null}},"36":{"start":{"line":67,"column":47},"end":{"line":67,"column":null}},"37":{"start":{"line":68,"column":16},"end":{"line":68,"column":null}},"38":{"start":{"line":68,"column":33},"end":{"line":68,"column":null}},"39":{"start":{"line":69,"column":16},"end":{"line":69,"column":null}},"40":{"start":{"line":72,"column":12},"end":{"line":72,"column":null}},"41":{"start":{"line":74,"column":12},"end":{"line":74,"column":null}},"42":{"start":{"line":75,"column":12},"end":{"line":75,"column":null}},"43":{"start":{"line":79,"column":4},"end":{"line":178,"column":null}},"44":{"start":{"line":107,"column":49},"end":{"line":107,"column":null}},"45":{"start":{"line":135,"column":47},"end":{"line":135,"column":null}},"46":{"start":{"line":147,"column":47},"end":{"line":147,"column":null}},"47":{"start":{"line":159,"column":47},"end":{"line":159,"column":null}}},"fnMap":{"0":{"name":"(anonymous_0)","decl":{"start":{"line":10,"column":39},"end":{"line":10,"column":40}},"loc":{"start":{"line":10,"column":65},"end":{"line":180,"column":null}},"line":10},"1":{"name":"(anonymous_1)","decl":{"start":{"line":20,"column":30},"end":{"line":20,"column":37}},"loc":{"start":{"line":20,"column":60},"end":{"line":56,"column":null}},"line":20},"2":{"name":"(anonymous_2)","decl":{"start":{"line":58,"column":24},"end":{"line":58,"column":31}},"loc":{"start":{"line":58,"column":68},"end":{"line":77,"column":null}},"line":58},"3":{"name":"(anonymous_3)","decl":{"start":{"line":107,"column":42},"end":{"line":107,"column":43}},"loc":{"start":{"line":107,"column":49},"end":{"line":107,"column":null}},"line":107},"4":{"name":"(anonymous_4)","decl":{"start":{"line":135,"column":41},"end":{"line":135,"column":47}},"loc":{"start":{"line":135,"column":47},"end":{"line":135,"column":null}},"line":135},"5":{"name":"(anonymous_5)","decl":{"start":{"line":147,"column":41},"end":{"line":147,"column":47}},"loc":{"start":{"line":147,"column":47},"end":{"line":147,"column":null}},"line":147},"6":{"name":"(anonymous_6)","decl":{"start":{"line":159,"column":41},"end":{"line":159,"column":47}},"loc":{"start":{"line":159,"column":47},"end":{"line":159,"column":null}},"line":159}},"branchMap":{"0":{"loc":{"start":{"line":22,"column":8},"end":{"line":22,"column":null}},"type":"if","locations":[{"start":{"line":22,"column":8},"end":{"line":22,"column":null}},{"start":{},"end":{}}],"line":22},"1":{"loc":{"start":{"line":31,"column":12},"end":{"line":33,"column":null}},"type":"if","locations":[{"start":{"line":31,"column":12},"end":{"line":33,"column":null}},{"start":{},"end":{}}],"line":31},"2":{"loc":{"start":{"line":31,"column":16},"end":{"line":31,"column":42}},"type":"binary-expr","locations":[{"start":{"line":31,"column":16},"end":{"line":31,"column":32}},{"start":{"line":31,"column":32},"end":{"line":31,"column":42}}],"line":31},"3":{"loc":{"start":{"line":35,"column":32},"end":{"line":35,"column":null}},"type":"binary-expr","locations":[{"start":{"line":35,"column":32},"end":{"line":35,"column":56}},{"start":{"line":35,"column":56},"end":{"line":35,"column":null}}],"line":35},"4":{"loc":{"start":{"line":37,"column":12},"end":{"line":39,"column":null}},"type":"if","locations":[{"start":{"line":37,"column":12},"end":{"line":39,"column":null}},{"start":{},"end":{}}],"line":37},"5":{"loc":{"start":{"line":46,"column":12},"end":{"line":50,"column":null}},"type":"if","locations":[{"start":{"line":46,"column":12},"end":{"line":50,"column":null}},{"start":{"line":48,"column":19},"end":{"line":50,"column":null}}],"line":46},"6":{"loc":{"start":{"line":61,"column":12},"end":{"line":64,"column":null}},"type":"if","locations":[{"start":{"line":61,"column":12},"end":{"line":64,"column":null}},{"start":{},"end":{}}],"line":61},"7":{"loc":{"start":{"line":61,"column":16},"end":{"line":61,"column":31}},"type":"binary-expr","locations":[{"start":{"line":61,"column":16},"end":{"line":61,"column":25}},{"start":{"line":61,"column":25},"end":{"line":61,"column":31}}],"line":61},"8":{"loc":{"start":{"line":63,"column":16},"end":{"line":63,"column":null}},"type":"if","locations":[{"start":{"line":63,"column":16},"end":{"line":63,"column":null}},{"start":{},"end":{}}],"line":63},"9":{"loc":{"start":{"line":66,"column":12},"end":{"line":70,"column":null}},"type":"if","locations":[{"start":{"line":66,"column":12},"end":{"line":70,"column":null}},{"start":{},"end":{}}],"line":66},"10":{"loc":{"start":{"line":68,"column":16},"end":{"line":68,"column":null}},"type":"if","locations":[{"start":{"line":68,"column":16},"end":{"line":68,"column":null}},{"start":{},"end":{}}],"line":68},"11":{"loc":{"start":{"line":94,"column":17},"end":{"line":97,"column":null}},"type":"binary-expr","locations":[{"start":{"line":94,"column":17},"end":{"line":94,"column":null}},{"start":{"line":95,"column":20},"end":{"line":97,"column":null}}],"line":94},"12":{"loc":{"start":{"line":100,"column":17},"end":{"line":166,"column":null}},"type":"cond-expr","locations":[{"start":{"line":101,"column":20},"end":{"line":120,"column":null}},{"start":{"line":122,"column":20},"end":{"line":166,"column":null}}],"line":100},"13":{"loc":{"start":{"line":115,"column":38},"end":{"line":115,"column":null}},"type":"binary-expr","locations":[{"start":{"line":115,"column":38},"end":{"line":115,"column":49}},{"start":{"line":115,"column":49},"end":{"line":115,"column":null}}],"line":115},"14":{"loc":{"start":{"line":118,"column":29},"end":{"line":118,"column":null}},"type":"cond-expr","locations":[{"start":{"line":118,"column":39},"end":{"line":118,"column":58}},{"start":{"line":118,"column":58},"end":{"line":118,"column":null}}],"line":118}},"s":{"0":1,"1":0,"2":0,"3":0,"4":0,"5":0,"6":0,"7":0,"8":0,"9":0,"10":0,"11":0,"12":0,"13":0,"14":0,"15":0,"16":0,"17":0,"18":0,"19":0,"20":0,"21":0,"22":0,"23":0,"24":0,"25":0,"26":0,"27":0,"28":0,"29":0,"30":0,"31":0,"32":0,"33":0,"34":0,"35":0,"36":0,"37":0,"38":0,"39":0,"40":0,"41":0,"42":0,"43":0,"44":0,"45":0,"46":0,"47":0},"f":{"0":0,"1":0,"2":0,"3":0,"4":0,"5":0,"6":0},"b":{"0":[0,0],"1":[0,0],"2":[0,0],"3":[0,0],"4":[0,0],"5":[0,0],"6":[0,0],"7":[0,0],"8":[0,0],"9":[0,0],"10":[0,0],"11":[0,0],"12":[0,0],"13":[0,0],"14":[0,0]},"meta":{"lastBranch":15,"lastFunction":7,"lastStatement":48,"seen":{"s:10:39:180:Infinity":0,"f:10:39:10:40":0,"s:11:17:11:Infinity":1,"s:12:36:12:Infinity":2,"s:13:30:13:Infinity":3,"s:14:26:14:Infinity":4,"s:17:48:17:Infinity":5,"s:18:52:18:Infinity":6,"s:20:30:56:Infinity":7,"f:20:30:20:37":1,"s:21:8:21:Infinity":8,"b:22:8:22:Infinity:undefined:undefined:undefined:undefined":0,"s:22:8:22:Infinity":9,"s:22:19:22:Infinity":10,"s:24:8:24:Infinity":11,"s:25:8:25:Infinity":12,"s:27:8:55:Infinity":13,"s:28:31:28:Infinity":14,"s:29:59:29:Infinity":15,"b:31:12:33:Infinity:undefined:undefined:undefined:undefined":1,"s:31:12:33:Infinity":16,"b:31:16:31:32:31:32:31:42":2,"s:32:16:32:Infinity":17,"s:35:32:35:Infinity":18,"b:35:32:35:56:35:56:35:Infinity":3,"b:37:12:39:Infinity:undefined:undefined:undefined:undefined":4,"s:37:12:39:Infinity":19,"s:38:16:38:Infinity":20,"s:41:12:41:Infinity":21,"s:44:28:44:Infinity":22,"b:46:12:50:Infinity:48:19:50:Infinity":5,"s:46:12:50:Infinity":23,"s:47:16:47:Infinity":24,"s:49:16:49:Infinity":25,"s:52:12:52:Infinity":26,"s:54:12:54:Infinity":27,"s:58:24:77:Infinity":28,"f:58:24:58:31":2,"s:59:8:59:Infinity":29,"s:60:8:76:Infinity":30,"b:61:12:64:Infinity:undefined:undefined:undefined:undefined":6,"s:61:12:64:Infinity":31,"b:61:16:61:25:61:25:61:31":7,"s:62:48:62:Infinity":32,"b:63:16:63:Infinity:undefined:undefined:undefined:undefined":8,"s:63:16:63:Infinity":33,"s:63:34:63:Infinity":34,"b:66:12:70:Infinity:undefined:undefined:undefined:undefined":9,"s:66:12:70:Infinity":35,"s:67:47:67:Infinity":36,"b:68:16:68:Infinity:undefined:undefined:undefined:undefined":10,"s:68:16:68:Infinity":37,"s:68:33:68:Infinity":38,"s:69:16:69:Infinity":39,"s:72:12:72:Infinity":40,"s:74:12:74:Infinity":41,"s:75:12:75:Infinity":42,"s:79:4:178:Infinity":43,"b:94:17:94:Infinity:95:20:97:Infinity":11,"b:101:20:120:Infinity:122:20:166:Infinity":12,"f:107:42:107:43":3,"s:107:49:107:Infinity":44,"b:115:38:115:49:115:49:115:Infinity":13,"b:118:39:118:58:118:58:118:Infinity":14,"f:135:41:135:47":4,"s:135:47:135:Infinity":45,"f:147:41:147:47":5,"s:147:47:147:Infinity":46,"f:159:41:159:47":6,"s:159:47:159:Infinity":47}}}
,"D:\\Projetos\\Financa-main\\src\\components\\layout\\SidebarMenu.tsx": {"path":"D:\\Projetos\\Financa-main\\src\\components\\layout\\SidebarMenu.tsx","statementMap":{"0":{"start":{"line":38,"column":44},"end":{"line":44,"column":null}},"1":{"start":{"line":46,"column":46},"end":{"line":51,"column":null}},"2":{"start":{"line":53,"column":37},"end":{"line":396,"column":null}},"3":{"start":{"line":70,"column":18},"end":{"line":70,"column":null}},"4":{"start":{"line":71,"column":18},"end":{"line":71,"column":null}},"5":{"start":{"line":73,"column":34},"end":{"line":77,"column":null}},"6":{"start":{"line":74,"column":10},"end":{"line":74,"column":null}},"7":{"start":{"line":74,"column":63},"end":{"line":74,"column":102}},"8":{"start":{"line":75,"column":4},"end":{"line":75,"column":null}},"9":{"start":{"line":75,"column":32},"end":{"line":75,"column":null}},"10":{"start":{"line":76,"column":4},"end":{"line":76,"column":null}},"11":{"start":{"line":78,"column":46},"end":{"line":82,"column":null}},"12":{"start":{"line":79,"column":10},"end":{"line":79,"column":null}},"13":{"start":{"line":79,"column":69},"end":{"line":79,"column":108}},"14":{"start":{"line":80,"column":4},"end":{"line":80,"column":null}},"15":{"start":{"line":80,"column":32},"end":{"line":80,"column":null}},"16":{"start":{"line":81,"column":4},"end":{"line":81,"column":null}},"17":{"start":{"line":84,"column":24},"end":{"line":84,"column":null}},"18":{"start":{"line":85,"column":28},"end":{"line":85,"column":null}},"19":{"start":{"line":86,"column":28},"end":{"line":86,"column":null}},"20":{"start":{"line":87,"column":32},"end":{"line":87,"column":null}},"21":{"start":{"line":88,"column":50},"end":{"line":88,"column":null}},"22":{"start":{"line":89,"column":52},"end":{"line":89,"column":null}},"23":{"start":{"line":90,"column":64},"end":{"line":90,"column":null}},"24":{"start":{"line":92,"column":25},"end":{"line":92,"column":null}},"25":{"start":{"line":93,"column":38},"end":{"line":93,"column":null}},"26":{"start":{"line":94,"column":28},"end":{"line":94,"column":null}},"27":{"start":{"line":95,"column":36},"end":{"line":95,"column":null}},"28":{"start":{"line":96,"column":36},"end":{"line":96,"column":null}},"29":{"start":{"line":98,"column":31},"end":{"line":120,"column":null}},"30":{"start":{"line":99,"column":4},"end":{"line":102,"column":null}},"31":{"start":{"line":100,"column":6},"end":{"line":100,"column":null}},"32":{"start":{"line":101,"column":6},"end":{"line":101,"column":null}},"33":{"start":{"line":103,"column":4},"end":{"line":106,"column":null}},"34":{"start":{"line":104,"column":6},"end":{"line":104,"column":null}},"35":{"start":{"line":105,"column":6},"end":{"line":105,"column":null}},"36":{"start":{"line":108,"column":4},"end":{"line":108,"column":null}},"37":{"start":{"line":109,"column":22},"end":{"line":109,"column":null}},"38":{"start":{"line":110,"column":4},"end":{"line":110,"column":null}},"39":{"start":{"line":112,"column":4},"end":{"line":119,"column":null}},"40":{"start":{"line":113,"column":6},"end":{"line":113,"column":null}},"41":{"start":{"line":115,"column":6},"end":{"line":115,"column":null}},"42":{"start":{"line":116,"column":6},"end":{"line":116,"column":null}},"43":{"start":{"line":117,"column":6},"end":{"line":117,"column":null}},"44":{"start":{"line":118,"column":6},"end":{"line":118,"column":null}},"45":{"start":{"line":122,"column":21},"end":{"line":125,"column":null}},"46":{"start":{"line":123,"column":5},"end":{"line":123,"column":null}},"47":{"start":{"line":124,"column":4},"end":{"line":124,"column":null}},"48":{"start":{"line":127,"column":33},"end":{"line":129,"column":null}},"49":{"start":{"line":128,"column":4},"end":{"line":128,"column":null}},"50":{"start":{"line":131,"column":39},"end":{"line":133,"column":null}},"51":{"start":{"line":132,"column":4},"end":{"line":132,"column":null}},"52":{"start":{"line":135,"column":2},"end":{"line":394,"column":null}},"53":{"start":{"line":180,"column":31},"end":{"line":180,"column":null}},"54":{"start":{"line":191,"column":31},"end":{"line":191,"column":null}},"55":{"start":{"line":202,"column":31},"end":{"line":202,"column":null}},"56":{"start":{"line":223,"column":31},"end":{"line":223,"column":null}},"57":{"start":{"line":236,"column":35},"end":{"line":236,"column":null}},"58":{"start":{"line":245,"column":35},"end":{"line":245,"column":null}},"59":{"start":{"line":258,"column":37},"end":{"line":258,"column":61}},"60":{"start":{"line":258,"column":61},"end":{"line":258,"column":77}},"61":{"start":{"line":258,"column":77},"end":{"line":258,"column":97}},"62":{"start":{"line":275,"column":31},"end":{"line":275,"column":94}},"63":{"start":{"line":275,"column":58},"end":{"line":275,"column":81}},"64":{"start":{"line":275,"column":81},"end":{"line":275,"column":92}},"65":{"start":{"line":291,"column":39},"end":{"line":291,"column":58}},"66":{"start":{"line":294,"column":39},"end":{"line":294,"column":57}},"67":{"start":{"line":303,"column":37},"end":{"line":303,"colum
[...]
":{"start":{"line":8,"column":10},"end":{"line":8,"column":14}},"loc":{"start":{"line":8,"column":71},"end":{"line":16,"column":null}},"line":8},"1":{"name":"(anonymous_1)","decl":{"start":{"line":18,"column":10},"end":{"line":18,"column":17}},"loc":{"start":{"line":18,"column":91},"end":{"line":26,"column":null}},"line":18},"2":{"name":"(anonymous_2)","decl":{"start":{"line":28,"column":10},"end":{"line":28,"column":17}},"loc":{"start":{"line":28,"column":107},"end":{"line":37,"column":null}},"line":28},"3":{"name":"(anonymous_3)","decl":{"start":{"line":39,"column":10},"end":{"line":39,"column":24}},"loc":{"start":{"line":39,"column":93},"end":{"line":45,"column":null}},"line":39},"4":{"name":"(anonymous_4)","decl":{"start":{"line":47,"column":10},"end":{"line":47,"column":26}},"loc":{"start":{"line":47,"column":104},"end":{"line":54,"column":null}},"line":47},"5":{"name":"(anonymous_5)","decl":{"start":{"line":56,"column":10},"end":{"line":56,"column":23}},"loc":{"start":{"line":56,"column":62},"end":{"line":71,"column":null}},"line":56},"6":{"name":"(anonymous_6)","decl":{"start":{"line":73,"column":10},"end":{"line":73,"column":31}},"loc":{"start":{"line":73,"column":93},"end":{"line":96,"column":null}},"line":73}},"branchMap":{"0":{"loc":{"start":{"line":67,"column":12},"end":{"line":67,"column":null}},"type":"if","locations":[{"start":{"line":67,"column":12},"end":{"line":67,"column":null}},{"start":{},"end":{}}],"line":67},"1":{"loc":{"start":{"line":67,"column":16},"end":{"line":67,"column":44}},"type":"binary-expr","locations":[{"start":{"line":67,"column":16},"end":{"line":67,"column":27}},{"start":{"line":67,"column":17},"end":{"line":67,"column":44}}],"line":67},"2":{"loc":{"start":{"line":67,"column":27},"end":{"line":67,"column":41}},"type":"binary-expr","locations":[{"start":{"line":67,"column":27},"end":{"line":67,"column":36}},{"start":{"line":67,"column":36},"end":{"line":67,"column":41}}],"line":67},"3":{"loc":{"start":{"line":83,"column":16},"end":{"line":90,"column":null}},"type":"if","locations":[{"start":{"line":83,"column":16},"end":{"line":90,"column":null}},{"start":{},"end":{}}],"line":83},"4":{"loc":{"start":{"line":86,"column":20},"end":{"line":88,"column":null}},"type":"if","locations":[{"start":{"line":86,"column":20},"end":{"line":88,"column":null}},{"start":{},"end":{}}],"line":86},"5":{"loc":{"start":{"line":86,"column":24},"end":{"line":86,"column":79}},"type":"binary-expr","locations":[{"start":{"line":86,"column":24},"end":{"line":86,"column":50}},{"start":{"line":86,"column":50},"end":{"line":86,"column":79}}],"line":86}},"s":{"0":1,"1":1,"2":1,"3":0,"4":0,"5":1,"6":1,"7":0,"8":0,"9":0,"10":0,"11":0,"12":0,"13":0,"14":0,"15":0,"16":0,"17":0,"18":0,"19":0,"20":0,"21":0,"22":0,"23":0,"24":0,"25":0,"26":0},"f":{"0":1,"1":0,"2":1,"3":0,"4":0,"5":0,"6":0},"b":{"0":[0,0],"1":[0,0],"2":[0,0],"3":[0,0],"4":[0,0],"5":[0,0]},"meta":{"lastBranch":6,"lastFunction":7,"lastStatement":27,"seen":{"s:7:30:97:Infinity":0,"f:8:10:8:14":0,"s:9:32:13:Infinity":1,"s:15:8:15:Infinity":2,"f:18:10:18:17":1,"s:19:32:23:Infinity":3,"s:25:8:25:Infinity":4,"f:28:10:28:17":2,"s:29:32:34:Infinity":5,"s:36:8:36:Infinity":6,"f:39:10:39:24":3,"s:40:26:43:Infinity":7,"s:44:8:44:Infinity":8,"f:47:10:47:26":4,"s:48:32:52:Infinity":9,"s:53:8:53:Infinity":10,"f:56:10:56:23":5,"s:58:23:58:Infinity":11,"s:60:8:68:Infinity":12,"s:61:37:65:Infinity":13,"b:67:12:67:Infinity:undefined:undefined:undefined:undefined":0,"s:67:12:67:Infinity":14,"b:67:16:67:27:67:17:67:44":1,"b:67:27:67:36:67:36:67:41":2,"s:67:44:67:Infinity":15,"s:70:8:70:Infinity":16,"f:73:10:73:31":6,"s:74:23:74:Infinity":17,"s:76:8:95:Infinity":18,"s:77:12:91:Infinity":19,"s:78:34:81:Infinity":20,"b:83:16:90:Infinity:undefined:undefined:undefined:undefined":3,"s:83:16:90:Infinity":21,"b:86:20:88:Infinity:undefined:undefined:undefined:undefined":4,"s:86:20:88:Infinity":22,"b:86:24:86:50:86:50:86:79":5,"s:87:24:87:Infinity":23,"s:89:20:89:Infinity":24,"s:92:12:92:Infinity":25,"s:94:12:94:Infinity":26}}}
,"D:\\Projetos\\Financa-main\\src\\services\\supabaseService.ts": {"path":"D:\\Projetos\\Financa-main\\src\\services\\supabaseService.ts","statementMap":{"0":{"start":{"line":9,"column":37},"end":{"line":17,"column":null}},"1":{"start":{"line":13,"column":4},"end":{"line":15,"column":null}},"2":{"start":{"line":14,"column":8},"end":{"line":14,"column":null}},"3":{"start":{"line":16,"column":4},"end":{"line":16,"column":null}}},"fnMap":{"0":{"name":"(anonymous_0)","decl":{"start":{"line":9,"column":37},"end":{"line":9,"column":null}},"loc":{"start":{"line":12,"column":25},"end":{"line":17,"column":null}},"line":12}},"branchMap":{"0":{"loc":{"start":{"line":13,"column":4},"end":{"line":15,"column":null}},"type":"if","locations":[{"start":{"line":13,"column":4},"end":{"line":15,"column":null}},{"start":{},"end":{}}],"line":13}},"s":{"0":1,"1":5,"2":0,"3":5},"f":{"0":5},"b":{"0":[0,5]},"meta":{"lastBranch":1,"lastFunction":1,"lastStatement":4,"seen":{"s:9:37:17:Infinity":0,"f:9:37:9:Infinity":0,"b:13:4:15:Infinity:undefined:undefined:undefined:undefined":0,"s:13:4:15:Infinity":1,"s:14:8:14:Infinity":2,"s:16:4:16:Infinity":3}}}
,"D:\\Projetos\\Financa-main\\src\\services\\tripService.ts": {"path":"D:\\Projetos\\Financa-main\\src\\services\\tripService.ts","statementMap":{"0":{"start":{"line":8,"column":16},"end":{"line":37,"column":null}},"1":{"start":{"line":8,"column":38},"end":{"line":37,"column":null}},"2":{"start":{"line":16,"column":50},"end":{"line":27,"column":6}},"3":{"start":{"line":28,"column":50},"end":{"line":36,"column":6}},"4":{"start":{"line":39,"column":27},"end":{"line":233,"column":null}},"5":{"start":{"line":41,"column":32},"end":{"line":52,"column":null}},"6":{"start":{"line":54,"column":27},"end":{"line":54,"column":null}},"7":{"start":{"line":55,"column":8},"end":{"line":55,"column":null}},"8":{"start":{"line":59,"column":14},"end":{"line":59,"column":null}},"9":{"start":{"line":60,"column":8},"end":{"line":65,"column":null}},"10":{"start":{"line":61,"column":12},"end":{"line":64,"column":null}},"11":{"start":{"line":67,"column":23},"end":{"line":73,"column":null}},"12":{"start":{"line":75,"column":32},"end":{"line":79,"column":null}},"13":{"start":{"line":81,"column":27},"end":{"line":81,"column":null}},"14":{"start":{"line":82,"column":8},"end":{"line":82,"column":null}},"15":{"start":{"line":86,"column":8},"end":{"line":94,"column":null}},"16":{"start":{"line":87,"column":31},"end":{"line":87,"column":null}},"17":{"start":{"line":88,"column":12},"end":{"line":93,"column":null}},"18":{"start":{"line":89,"column":16},"end":{"line":92,"column":null}},"19":{"start":{"line":96,"column":31},"end":{"line":96,"column":null}},"20":{"start":{"line":97,"column":8},"end":{"line":97,"column":null}},"21":{"start":{"line":97,"column":40},"end":{"line":97,"column":null}},"22":{"start":{"line":98,"column":8},"end":{"line":98,"column":null}},"23":{"start":{"line":98,"column":42},"end":{"line":98,"column":null}},"24":{"start":{"line":99,"column":8},"end":{"line":99,"column":null}},"25":{"start":{"line":99,"column":50},"end":{"line":99,"column":null}},"26":{"start":{"line":100,"column":8},"end":{"line":100,"column":null}},"27":{"start":{"line":100,"column":53},"end":{"line":100,"column":null}},"28":{"start":{"line":102,"column":32},"end":{"line":107,"column":null}},"29":{"start":{"line":109,"column":27},"end":{"line":109,"column":null}},"30":{"start":{"line":110,"column":8},"end":{"line":110,"column":null}},"31":{"start":{"line":114,"column":26},"end":{"line":117,"column":null}},"32":{"start":{"line":119,"column":8},"end":{"line":119,"column":null}},"33":{"start":{"line":123,"column":26},"end":{"line":126,"column":null}},"34":{"start":{"line":128,"column":8},"end":{"line":128,"column":null}},"35":{"start":{"line":132,"column":26},"end":{"line":136,"column":null}},"36":{"start":{"line":138,"column":8},"end":{"line":138,"column":null}},"37":{"start":{"line":143,"column":18},"end":{"line":143,"column":null}},"38":{"start":{"line":144,"column":12},"end":{"line":149,"column":null}},"39":{"start":{"line":145,"column":16},"end":{"line":148,"column":null}},"40":{"start":{"line":151,"column":30},"end":{"line":160,"column":null}},"41":{"start":{"line":162,"column":36},"end":{"line":166,"column":null}},"42":{"start":{"line":168,"column":51},"end":{"line":179,"column":null}},"43":{"start":{"line":180,"column":12},"end":{"line":180,"column":null}},"44":{"start":{"line":183,"column":30},"end":{"line":186,"column":null}},"45":{"start":{"line":187,"column":12},"end":{"line":187,"column":null}},"46":{"start":{"line":193,"column":18},"end":{"line":193,"column":null}},"47":{"start":{"line":194,"column":12},"end":{"line":199,"column":null}},"48":{"start":{"line":195,"column":16},"end":{"line":198,"column":null}},"49":{"start":{"line":201,"column":30},"end":{"line":207,"column":null}},"50":{"start":{"line":208,"column":36},"end":{"line":212,"column":null}},"51":{"start":{"line":214,"column":51},"end":{"line":222,"column":null}},"52":{"start":{"line":223,"column":12},"end":{"line":223,"column":null}},"53":{"start":{"line":226,"column":30},"end":{"line":229,"column":null}},"54":{"start":{"line":230,"column":12},"end":{"line":230,"column":null}}},"fnMap":{"0":{"name":"(anonymous_0)","decl":{"start":{"line":8,"column":16},"end":{"line":8,"column":17}},"loc":{"start":{"line":8,"column":38},"end":{"line":37,"column":null}},"line":8},"1":{"name":"(anonymous_1)","decl":{"start":{"line":16,"column":37},"end":{"line":16,"column":38}},"loc":{"start":{"line":16,"column":50},"end":{"line":27,"column":6}},"line":16},"2":{"name":"(anonymous_2)","decl":{"start":{"line":28,"column":37},"end":{"line":28,"column":38}},"loc":{"start":{"line":28,"column":50},"end":{"line":36,"column":6}},"line":28},"3":{"name":"(anonymous_3)","decl":{"start":{"line":40,"column":10},"end":{"line":40,"column":17}},"loc":{"start":{"line":40,"column":72},"end":{"line":56,"column":null}},"line":40},"4":{"name":"(anonymous_4)","decl":{"start":{"line":58,"column":10},"end":{"line":58,"column":17}},"loc":{"start":{"line":58,"column":114},"end":{"line":83,"column":null}},"line":58},"5":{"name":"(anonymous_5)","decl":{"start":{"line":85,"column":10},"end":{"line":85,"column":17}},"loc":{"start":{"line":85,"column":85},"end":{"line":111,"column":null}},"line":85},"6":{"name":"(anonymous_6)","decl":{"start":{"line":113,"column":10},"end":{"line":113,"column":21}},"loc":{"start":{"line":113,"column":65},"end":{"line":120,"column":null}},"line":113},"7":{"name":"(anonymous_7)","decl":{"start":{"line":122,"column":10},"end":{"line":122,"column":24}},"loc":{"start":{"line":122,"column":77},"end":{"line":129,"column":null}},"line":122},"8":{"name":"(anonymous_8)","decl":{"start":{"line":131,"column":10},"end":{"line":131,"column":21}},"loc":{"start":{"line":131,"column":74},"end":{"line":139,"column":null}},"line":131},"9":{"name":"(anonymous_9)","decl":{"start":{"line":142,"column":14},"end":{"line":142,"column":21}},"loc":{"start":{"line":142,"column":109},"end":{"line":181,"column":null}},"line":142},"10":{"name":"(anonymous_10)","decl":{"start":{"line":182,"column":14},"end":{"line":182,"column":21}},"loc":{"start":{"line":182,"column":65},"end":{"line":188,"column":null}},"line":182},"11":{"name":"(anonymous_11)","decl":{"start":{"line":192,"column":14},"end":{"line":192,"column":21}},"loc":{"start":{"line":192,"column":109},"end":{"line":224,"column":null}},"line":192},"12":{"name":"(anonymous_12)","decl":{"start":{"line":225,"column":14},"end":{"line":225,"column":21}},"loc":{"start":{"line":225,"column":65},"end":{"line":231,"column":null}},"line":225}},"branchMap":{"0":{"loc":{"start":{"line":14,"column":24},"end":{"line":14,"column":null}},"type":"cond-expr","locations":[{"start":{"line":14,"column":56},"end":{"line":14,"column":97}},{"start":{"line":14,"column":97},"end":{"line":14,"column":null}}],"line":14},"1":{"loc":{"start":{"line":16,"column":15},"end":{"line":16,"column":33}},"type":"binary-expr","locations":[{"start":{"line":16,"column":15},"end":{"line":16,"column":29}},{"start":{"line":16,"column":29},"end":{"line":16,"column":33}}],"line":16},"2":{"loc":{"start":{"line":24,"column":25},"end":{"line":24,"column":null}},"type":"cond-expr","locations":[{"start":{"line":24,"column":47},"end":{"line":24,"column":77}},{"start":{"line":24,"column":77},"end":{"line":24,"column":null}}],"line":24},"3":{"loc":{"start":{"line":25,"column":25},"end":{"line":25,"column":null}},"type":"cond-expr","locations":[{"start":{"line":25,"column":47},"end":{"line":25,"column":77}},{"start":{"line":25,"column":77},"end":{"line":25,"column":null}}],"line":25},"4":{"loc":{"start":{"line":28,"column":15},"end":{"line":28,"column":33}},"type":"binary-expr","locations":[{"start":{"line":28,"column":15},"end":{"line":28,"column":29}},{"start":{"line":28,"column":29},"end":{"line":28,"column":33}}],"line":28},"5":{"loc":{"start":{"line":54,"column":27},"end":{"line":54,"column":null}},"type":"cond-expr","locations":[{"start":{"line":54,"column":35},"end":{"line":54,"column":79}},{"start":{"line":54,"column":79},"end":{"line":54,"column":null}}],"line":54},"6":{"loc":{"start":{"line":60,"column":8},"end":{"line":65,"column":null}},"type":"if","locations":[{"start":{"line":60,"column":8},"end":{"line":65,"column":null}},{"start":{},"end":{}}],"line":60},"7":{"loc":{"start":{"line":81,"column":27},"end":{"line":81,"column":null}},"type":"cond-expr","locations":[{"start":{"line":81,"column":34},"end":{"line":81,"column":71}},{"start":{"line":81,"column":71},"end":{"line":81,"column":null}}],"line":81},"8":{"loc":{"start":{"line":86,"column":8},"end":{"line":94,"column":null}},"type":"if","locations":[{"start":{"line":86,"column":8},"end":{"line":94,"column":null}},{"start":{},"end":{}}],"line":86},"9":{"loc":{"start":{"line":88,"column":12},"end":{"line":93,"column":null}},"type":"if","locations":[{"start":{"line":88,"column":12},"end":{"line":93,"column":null}},{"start":{},"end":{}}],"line":88},"10":{"loc":{"start":{"line":97,"column":8},"end":{"line":97,"column":null}},"type":"if","locations":[{"start":{"line":97,"column":8},"end":{"line":97,"column":null}},{"start":{},"end":{}}],"line":97},"11":{"loc":{"start":{"line":98,"column":8},"end":{"line":98,"column":null}},"type":"if","locations":[{"start":{"line":98,"column":8},"end":{"line":98,"column":null}},{"start":{},"end":{}}],"line":98},"12":{"loc":{"start":{"line":99,"column":8},"end":{"line":99,"column":null}},"type":"if","locations":[{"start":{"line":99,"column":8},"end":{"line":99,"column":null}},{"start":{},"end":{}}],"line":99},"13":{"loc":{"start":{"line":100,"column":8},"end":{"line":100,"column":null}},"type":"if","locations":[{"start":{"line":100,"column":8},"end":{"line":100,"column":null}},{"start":{},"end":{}}],"line":100},"14":{"loc":{"start":{"line":109,"column":27},"end":{"line":109,"column":null}},"type":"cond-expr","locations":[{"start":{"line":109,"column":34},"end":{"line":109,"column":71}},{"start":{"line":109,"column":71},"end":{"line":109,"column":null}}],"line":109},"15":{"loc":{"start":{"line":144,"column":12},"end":{"line":149,"column":null}},"type":"if","locations":[{"start":{"line":144,"column":12},"end":{"line":149,"column":null}},{"start":{},"end":{}}],"line":144},"16":{"loc":{"start":{"line":168,"column":51},"end":{"line":179,"column":null}},"type":"cond-expr","locations":[{"start":{"line":168,"column":58},"end":{"line":179,"column":16}},{"start":{"line":179,"column":16},"end":{"line":179,"column":null}}],"line":168},"17":{"loc":{"start":{"line":176,"column":33},"end":{"line":176,"column":null}},"type":"cond-expr","locations":[{"start":{"line":176,"column":58},"end":{"line":176,"column":91}},{"start":{"line":176,"column":91},"end":{"line":176,"column":null}}],"line":176},"18":{"loc":{"start":{"line":177,"column":33},"end":{"line":177,"column":null}},"type":"cond-expr","locations":[{"start":{"line":177,"column":58},"end":{"line":177,"column":91}},{"start":{"line":177,"column":91},"end":{"line":177,"column":null}}],"line":177},"19":{"loc":{"start":{"line":194,"column":12},"end":{"line":199,"column":null}},"type":"if","locations":[{"start":{"line":194,"column":12},"end":{"line":199,"column":null}},{"start":{},"end":{}}],"line":194},"20":{"loc":{"start":{"line":214,"column":51},"end":{"line":222,"column":null}},"type":"cond-expr","locations":[{"start":{"line":214,"column":58},"end":{"line":222,"column":16}},{"start":{"line":222,"column":16},"end":{"line":222,"column":null}}],"line":214}},"s":{"0":1,"1":0,"2":0,"3":0,"4":1,"5":1,"6":0,"7":1,"8":0,"9":0,"10":0,"11":0,"12":0,"13":0,"14":0,"15":0,"16":0,"17":0,"18":0,"19":0,"20":0,"21":0,"22":0,"23":0,"24":0,"25":0,"26":0,"27":0,"28":0,"29":0,"30":0,"31":0,"32":0,"33":0,"34":0,"35":0,"36":0,"37":0,"38":0,"39":0,"40":0,"41":0,"42":0,"43":0,"44":0,"45":0,"46":0,"47":0,"48":0,"49":0,"50":0,"51":0,"52":0,"53":0,"54":0},"f":{"0":0,"1":0,"2":0,"3":1,"4":0,"5":0,"6":0,"7":0,"8":0,"9":0,"10":0,"11":0,"12":0},"b":{"0":[0,0],"1":[0,0],"2":[0,0],"3":[0,0],"4":[0,0],"5":[0,0],"6":[0,0],"7":[0,0],"8":[0,0],"9":[0,0],"10":[0,0],"11":[0,0],"12":[0,0],"13":[0,0],"14":[0,0],"15":[0,0],"16":[0,0],"17":[0,0],"18":[0,0],"19":[0,0],"20":[0,0]},"meta":{"lastBranch":21,"lastFunction":13,"lastStatement":55,"seen":{"s:8:16:37:Infinity":0,"f:8:16:8:17":0,"s:8:38:37:Infinity":1,"b:14:56:14:97:14:97:14:Infinity":0,"b:16:15:16:29:16:29:16:33":1,"f:16:37:16:38":1,"s:16:50:27:6":2,"b:24:47:24:77:24:77:24:Infinity":2,"b:25:47:25:77:25:77:25:Infinity":3,"b:28:15:28:29:28:29:28:33":4,"f:28:37:28:38":2,"s:28:50:36:6":3,"s:39:27:233:Infinity":4,"f:40:10:40:17":3,"s:41:32:52:Infinity":5,"s:54:27:54:Infinity":6,"b:54:35:54:79:54:79:54:Infinity":5,"s:55:8:55:Infinity":7,"f:58:10:58:17":4,"s:59:14:59:Infinity":8,"b:60:8:65:Infinity:undefined:undefined:undefined:undefined":6,"s:60:8:65:Infinity":9,"s:61:12:64:Infinity":10,"s:67:23:73:Infinity":11,"s:75:32:79:Infinity":12,"s:81:27:81:Infinity":13,"b:81:34:81:71:81:71:81:Infinity":7,"s:82:8:82:Infinity":14,"f:85:10:85:17":5,"b:86:8:94:Infinity:undefined:undefined:undefined:undefined":8,"s:86:8:94:Infinity":15,"s:87:31:87:Infinity":16,"b:88:12:93:Infinity:undefined:undefined:undefined:undefined":9,"s:88:12:93:Infinity":17,"s:89:16:92:Infinity":18,"s:96:31:96:Infinity":19,"b:97:8:97:Infinity:undefined:undefined:undefined:undefined":10,"s:97:8:97:Infinity":20,"s:97:40:97:Infinity":21,"b:98:8:98:Infinity:undefined:undefined:undefined:undefined":11,"s:98:8:98:Infinity":22,"s:98:42:98:Infinity":23,"b:99:8:99:Infinity:undefined:undefined:undefined:undefined":12,"s:99:8:99:Infinity":24,"s:99:50:99:Infinity":25,"b:100:8:100:Infinity:undefined:undefined:undefined:undefined":13,"s:100:8:100:Infinity":26,"s:100:53:100:Infinity":27,"s:102:32:107:Infinity":28,"s:109:27:109:Infinity":29,"b:109:34:109:71:109:71:109:Infinity":14,"s:110:8:110:Infinity":30,"f:113:10:113:21":6,"s:114:26:117:Infinity":31,"s:119:8:119:Infinity":32,"f:122:10:122:24":7,"s:123:26:126:Infinity":33,"s:128:8:128:Infinity":34,"f:131:10:131:21":8,"s:132:26:136:Infinity":35,"s:138:8:138:Infinity":36,"f:142:14:142:21":9,"s:143:18:143:Infinity":37,"b:144:12:149:Infinity:undefined:undefined:undefined:undefined":15,"s:144:12:149:Infinity":38,"s:145:16:148:Infinity":39,"s:151:30:160:Infinity":40,"s:162:36:166:Infinity":41,"s:168:51:179:Infinity":42,"b:168:58:179:16:179:16:179:Infinity":16,"b:176:58:176:91:176:91:176:Infinity":17,"b:177:58:177:91:177:91:177:Infinity":18,"s:180:12:180:Infinity":43,"f:182:14:182:21":10,"s:183:30:186:Infinity":44,"s:187:12:187:Infinity":45,"f:192:14:192:21":11,"s:193:18:193:Infinity":46,"b:194:12:199:Infinity:undefined:undefined:undefined:undefined":19,"s:194:12:199:Infinity":47,"s:195:16:198:Infinity":48,"s:201:30:207:Infinity":49,"s:208:36:212:Infinity":50,"s:214:51:222:Infinity":51,"b:214:58:222:16:222:16:222:Infinity":20,"s:223:12:223:Infinity":52,"f:225:14:225:21":12,"s:226:30:229:Infinity":53,"s:230:12:230:Infinity":54}}}
}
